query: coherent risk measures
limit: 15000
filename: coherent_risk_measures
2023-05-10 17:26:30,736 [MainThread] [INFO] Search 36d14dd3-4d6e-43ef-b817-5f4879884e6b created.
2023-05-10 17:26:30,737 [MainThread] [INFO] Search query: coherent risk measures
2023-05-10 17:26:30,737 [MainThread] [INFO] Search limit: 15000
2023-05-10 17:26:30,737 [MainThread] [INFO] Sources: SupportedSources.ARXIV,SupportedSources.CORE,SupportedSources.CROSSREF,SupportedSources.INTERNET_ARCHIVE,SupportedSources.SEMANTIC_SCHOLAR,SupportedSources.UNPAYWALL,SupportedSources.OPENALEX,SupportedSources.PAPERS_WITH_CODE
2023-05-10 17:26:30,739 [MainThread] [INFO] Initial limit for source: 1875
2023-05-10 17:26:30,740 [SupportedSources.ARXIV] [INFO] Requesting 200 results at offset 0
2023-05-10 17:26:30,741 [SupportedSources.ARXIV] [INFO] Requesting page of results
2023-05-10 17:26:31,827 [SupportedSources.PAPERS_WITH_CODE] [INFO] Status for SupportedSources.PAPERS_WITH_CODE changed to SearchStatus.FINISHED.
2023-05-10 17:26:31,827 [SupportedSources.PAPERS_WITH_CODE] [INFO] Terminating SupportedSources.PAPERS_WITH_CODE client. Docs pulled: 16. Docs left: 1859
2023-05-10 17:26:32,751 [MainThread] [INFO] Found 1859 docs to distribute. Docs for each client: 265
2023-05-10 17:26:32,752 [MainThread] [INFO] Limit for SupportedSources.ARXIV increased for 265 documents.
2023-05-10 17:26:32,752 [MainThread] [INFO] Limit for SupportedSources.CORE increased for 265 documents.
2023-05-10 17:26:32,752 [MainThread] [INFO] Limit for SupportedSources.INTERNET_ARCHIVE increased for 265 documents.
2023-05-10 17:26:32,752 [MainThread] [INFO] Limit for SupportedSources.SEMANTIC_SCHOLAR increased for 265 documents.
2023-05-10 17:26:32,752 [MainThread] [INFO] Limit for SupportedSources.UNPAYWALL increased for 265 documents.
2023-05-10 17:26:32,753 [MainThread] [INFO] Limit for SupportedSources.CROSSREF increased for 265 documents.
2023-05-10 17:26:32,753 [MainThread] [INFO] Limit for SupportedSources.OPENALEX increased for 265 documents.
2023-05-10 17:26:33,612 [SupportedSources.ARXIV] [INFO] Got first page; 388440 of inf results available
2023-05-10 17:26:33,670 [SupportedSources.ARXIV] [INFO] Requesting 200 results at offset 200
2023-05-10 17:26:33,671 [SupportedSources.ARXIV] [INFO] Sleeping for 9.941403 seconds
2023-05-10 17:26:42,703 [SupportedSources.CROSSREF] [INFO] Status for SupportedSources.CROSSREF changed to SearchStatus.WAITING.
2023-05-10 17:26:42,703 [SupportedSources.CROSSREF] [INFO] Pulled 2140 docs from SupportedSources.CROSSREF.Total docs pulled: 2140
2023-05-10 17:26:43,622 [SupportedSources.ARXIV] [INFO] Requesting page of results
2023-05-10 17:26:43,897 [SupportedSources.UNPAYWALL] [INFO] Status for SupportedSources.UNPAYWALL changed to SearchStatus.FINISHED.
2023-05-10 17:26:43,898 [SupportedSources.UNPAYWALL] [INFO] Terminating SupportedSources.UNPAYWALL client. Docs pulled: 203. Docs left: 1937
2023-05-10 17:26:44,765 [MainThread] [INFO] Found 1937 docs to distribute. Docs for each client: 322
2023-05-10 17:26:44,766 [MainThread] [INFO] Limit for SupportedSources.ARXIV increased for 322 documents.
2023-05-10 17:26:44,766 [MainThread] [INFO] Limit for SupportedSources.CORE increased for 322 documents.
2023-05-10 17:26:44,766 [MainThread] [INFO] Limit for SupportedSources.INTERNET_ARCHIVE increased for 322 documents.
2023-05-10 17:26:44,766 [MainThread] [INFO] Limit for SupportedSources.SEMANTIC_SCHOLAR increased for 322 documents.
2023-05-10 17:26:44,767 [MainThread] [INFO] Limit for SupportedSources.CROSSREF increased for 322 documents.
2023-05-10 17:26:44,767 [MainThread] [INFO] Limit for SupportedSources.OPENALEX increased for 322 documents.
2023-05-10 17:26:46,597 [SupportedSources.ARXIV] [INFO] Requesting 200 results at offset 400
2023-05-10 17:26:46,597 [SupportedSources.ARXIV] [INFO] Sleeping for 9.946680 seconds
2023-05-10 17:26:47,706 [SupportedSources.CROSSREF] [INFO] Status for SupportedSources.CROSSREF changed to SearchStatus.WORKING.
2023-05-10 17:26:52,286 [SupportedSources.CROSSREF] [INFO] Status for SupportedSources.CROSSREF changed to SearchStatus.WAITING.
2023-05-10 17:26:52,286 [SupportedSources.CROSSREF] [INFO] Pulled 322 docs from SupportedSources.CROSSREF.Total docs pulled: 2462
2023-05-10 17:26:56,092 [SupportedSources.OPENALEX] [INFO] Status for SupportedSources.OPENALEX changed to SearchStatus.WAITING.
2023-05-10 17:26:56,092 [SupportedSources.OPENALEX] [INFO] Pulled 2462 docs from SupportedSources.OPENALEX.Total docs pulled: 2462
2023-05-10 17:26:56,554 [SupportedSources.ARXIV] [INFO] Requesting page of results
2023-05-10 17:27:01,225 [SupportedSources.ARXIV] [INFO] Requesting 200 results at offset 600
2023-05-10 17:27:01,225 [SupportedSources.ARXIV] [INFO] Sleeping for 9.945737 seconds
2023-05-10 17:27:11,178 [SupportedSources.ARXIV] [INFO] Requesting page of results
2023-05-10 17:27:15,690 [SupportedSources.ARXIV] [INFO] Requesting 200 results at offset 800
2023-05-10 17:27:15,690 [SupportedSources.ARXIV] [INFO] Sleeping for 9.944752 seconds
2023-05-10 17:27:25,645 [SupportedSources.ARXIV] [INFO] Requesting page of results
2023-05-10 17:27:28,531 [SupportedSources.ARXIV] [INFO] Requesting 200 results at offset 1000
2023-05-10 17:27:28,531 [SupportedSources.ARXIV] [INFO] Sleeping for 9.943103 seconds
2023-05-10 17:27:38,484 [SupportedSources.ARXIV] [INFO] Requesting page of results
2023-05-10 17:27:41,246 [SupportedSources.ARXIV] [INFO] Requesting 200 results at offset 1200
2023-05-10 17:27:41,246 [SupportedSources.ARXIV] [INFO] Sleeping for 9.944005 seconds
2023-05-10 17:27:43,376 [SupportedSources.SEMANTIC_SCHOLAR] [INFO] Status for SupportedSources.SEMANTIC_SCHOLAR changed to SearchStatus.WAITING.
2023-05-10 17:27:43,377 [SupportedSources.SEMANTIC_SCHOLAR] [INFO] Pulled 2462 docs from SupportedSources.SEMANTIC_SCHOLAR. Total docs pulled: 2462
2023-05-10 17:27:50,526 [SupportedSources.CORE] [ERROR] Too many requests on Core, waiting 69 secs...
2023-05-10 17:27:51,200 [SupportedSources.ARXIV] [INFO] Requesting page of results
2023-05-10 17:27:54,016 [SupportedSources.ARXIV] [INFO] Requesting 200 results at offset 1400
2023-05-10 17:27:54,016 [SupportedSources.ARXIV] [INFO] Sleeping for 9.944621 seconds
2023-05-10 17:28:03,971 [SupportedSources.ARXIV] [INFO] Requesting page of results
2023-05-10 17:28:06,835 [SupportedSources.ARXIV] [INFO] Requesting 200 results at offset 1600
2023-05-10 17:28:06,835 [SupportedSources.ARXIV] [INFO] Sleeping for 9.945759 seconds
2023-05-10 17:28:16,791 [SupportedSources.ARXIV] [INFO] Requesting page of results
2023-05-10 17:28:19,804 [SupportedSources.ARXIV] [INFO] Requesting 200 results at offset 1800
2023-05-10 17:28:19,804 [SupportedSources.ARXIV] [INFO] Sleeping for 9.943438 seconds
2023-05-10 17:28:29,754 [SupportedSources.ARXIV] [INFO] Requesting page of results
2023-05-10 17:28:34,430 [SupportedSources.ARXIV] [INFO] Requesting 200 results at offset 2000
2023-05-10 17:28:34,430 [SupportedSources.ARXIV] [INFO] Sleeping for 9.946214 seconds
2023-05-10 17:28:44,387 [SupportedSources.ARXIV] [INFO] Requesting page of results
2023-05-10 17:28:47,112 [SupportedSources.ARXIV] [INFO] Requesting 200 results at offset 2200
2023-05-10 17:28:47,112 [SupportedSources.ARXIV] [INFO] Sleeping for 9.943690 seconds
2023-05-10 17:28:57,066 [SupportedSources.ARXIV] [INFO] Requesting page of results
2023-05-10 17:29:00,146 [SupportedSources.ARXIV] [INFO] Requesting 200 results at offset 2400
2023-05-10 17:29:00,147 [SupportedSources.ARXIV] [INFO] Sleeping for 9.941844 seconds
2023-05-10 17:29:08,124 [SupportedSources.INTERNET_ARCHIVE] [INFO] Status for SupportedSources.INTERNET_ARCHIVE changed to SearchStatus.WAITING.
2023-05-10 17:29:08,125 [SupportedSources.INTERNET_ARCHIVE] [INFO] Pulled 2462 docs from SupportedSources.INTERNET_ARCHIVE.Total docs pulled: 2462
2023-05-10 17:29:10,099 [SupportedSources.ARXIV] [INFO] Requesting page of results
2023-05-10 17:29:12,774 [SupportedSources.ARXIV] [INFO] Status for SupportedSources.ARXIV changed to SearchStatus.WAITING.
2023-05-10 17:29:12,774 [SupportedSources.ARXIV] [INFO] Pulled 2462 docs from SupportedSources.ARXIV.Total docs pulled: 2462
2023-05-10 17:29:39,836 [SupportedSources.CORE] [INFO] Status for SupportedSources.CORE changed to SearchStatus.WAITING.
2023-05-10 17:29:39,836 [SupportedSources.CORE] [INFO] Pulled 2474 docs from SupportedSources.CORE. Total docs pulled: 2474
2023-05-10 17:29:41,242 [SupportedSources.OPENALEX] [INFO] Kill signal for SupportedSources.OPENALEX occurred.
2023-05-10 17:29:41,242 [SupportedSources.OPENALEX] [INFO] Terminating SupportedSources.OPENALEX client. Docs pulled: 2462. Docs left: 0
2023-05-10 17:29:42,434 [SupportedSources.CROSSREF] [INFO] Kill signal for SupportedSources.CROSSREF occurred.
2023-05-10 17:29:42,439 [SupportedSources.CROSSREF] [INFO] Terminating SupportedSources.CROSSREF client. Docs pulled: 2462. Docs left: 0
2023-05-10 17:29:42,909 [SupportedSources.ARXIV] [INFO] Kill signal for SupportedSources.ARXIV occurred.
2023-05-10 17:29:42,914 [SupportedSources.ARXIV] [INFO] Status for SupportedSources.ARXIV changed to SearchStatus.FINISHED.
2023-05-10 17:29:42,920 [SupportedSources.ARXIV] [INFO] Terminating SupportedSources.ARXIV client. Docs pulled: 2462.Docs left: 0
2023-05-10 17:29:43,241 [SupportedSources.INTERNET_ARCHIVE] [INFO] Kill signal for SupportedSources.INTERNET_ARCHIVE occurred.
2023-05-10 17:29:43,251 [SupportedSources.INTERNET_ARCHIVE] [INFO] Terminating SupportedSources.INTERNET_ARCHIVE client. Docs pulled: 2462.Docs left: 0
2023-05-10 17:29:43,538 [SupportedSources.SEMANTIC_SCHOLAR] [INFO] Kill signal for SupportedSources.SEMANTIC_SCHOLAR occurred.
2023-05-10 17:29:43,543 [SupportedSources.SEMANTIC_SCHOLAR] [INFO] Terminating SupportedSources.SEMANTIC_SCHOLAR client. Docs pulled: 2462. Docs left: 0
2023-05-10 17:29:44,841 [SupportedSources.CORE] [INFO] Kill signal for SupportedSources.CORE occurred.
2023-05-10 17:29:44,842 [SupportedSources.CORE] [INFO] Terminating SupportedSources.CORE client. Docs pulled: 2474. Docs left: 0
2023-05-10 17:29:45,243 [MainThread] [INFO] SupportedSources.ARXIV: 2462
2023-05-10 17:29:45,243 [MainThread] [INFO] SupportedSources.CORE: 2474
2023-05-10 17:29:45,243 [MainThread] [INFO] SupportedSources.INTERNET_ARCHIVE: 2462
2023-05-10 17:29:45,243 [MainThread] [INFO] SupportedSources.SEMANTIC_SCHOLAR: 2462
2023-05-10 17:29:45,243 [MainThread] [INFO] SupportedSources.UNPAYWALL: 203
2023-05-10 17:29:45,243 [MainThread] [INFO] SupportedSources.CROSSREF: 2462
2023-05-10 17:29:45,243 [MainThread] [INFO] SupportedSources.OPENALEX: 2462
2023-05-10 17:29:45,243 [MainThread] [INFO] SupportedSources.PAPERS_WITH_CODE: 16
2023-05-10 17:29:45,243 [MainThread] [INFO] total documents: 15003
total found: 14899
2023-05-10 17:29:45,708 [MainThread] [INFO] starting deduplication...
2023-05-10 17:30:13,379 [MainThread] [INFO] Trying to find abstracts for papers on semantic scholar...
100% (75 of 75) |############################################| Elapsed Time: 0:01:28 Time:  0:01:28
2023-05-10 17:31:41,661 [MainThread] [INFO] Abstract was found for 1731 papers.
2023-05-10 17:31:41,699 [MainThread] [INFO] total results after deduplication: 11265
