query: fundamental theorem of asset pricing and its extensions           
limit: 15000
filename: ftap_roberta
2023-05-10 17:40:59,947 [MainThread] [INFO] Search f153d00b-4ff9-44fb-a16a-96344ecdc2f8 created.
2023-05-10 17:40:59,948 [MainThread] [INFO] Search query: fundamental theorem of asset pricing and its extensions
2023-05-10 17:40:59,949 [MainThread] [INFO] Search limit: 15000
2023-05-10 17:40:59,949 [MainThread] [INFO] Sources: SupportedSources.ARXIV,SupportedSources.CORE,SupportedSources.CROSSREF,SupportedSources.INTERNET_ARCHIVE,SupportedSources.SEMANTIC_SCHOLAR,SupportedSources.UNPAYWALL,SupportedSources.OPENALEX,SupportedSources.PAPERS_WITH_CODE
2023-05-10 17:40:59,951 [MainThread] [INFO] Initial limit for source: 1875
2023-05-10 17:40:59,952 [SupportedSources.ARXIV] [INFO] Requesting 200 results at offset 0
2023-05-10 17:40:59,953 [SupportedSources.ARXIV] [INFO] Requesting page of results
2023-05-10 17:41:01,475 [SupportedSources.PAPERS_WITH_CODE] [INFO] Status for SupportedSources.PAPERS_WITH_CODE changed to SearchStatus.FINISHED.
2023-05-10 17:41:01,475 [SupportedSources.PAPERS_WITH_CODE] [INFO] Terminating SupportedSources.PAPERS_WITH_CODE client. Docs pulled: 0. Docs left: 1875
2023-05-10 17:41:01,990 [MainThread] [INFO] Found 1875 docs to distribute. Docs for each client: 267
2023-05-10 17:41:01,990 [MainThread] [INFO] Limit for SupportedSources.ARXIV increased for 267 documents.
2023-05-10 17:41:01,990 [MainThread] [INFO] Limit for SupportedSources.CORE increased for 267 documents.
2023-05-10 17:41:01,991 [MainThread] [INFO] Limit for SupportedSources.INTERNET_ARCHIVE increased for 267 documents.
2023-05-10 17:41:01,991 [MainThread] [INFO] Limit for SupportedSources.SEMANTIC_SCHOLAR increased for 267 documents.
2023-05-10 17:41:01,991 [MainThread] [INFO] Limit for SupportedSources.UNPAYWALL increased for 267 documents.
2023-05-10 17:41:01,991 [MainThread] [INFO] Limit for SupportedSources.CROSSREF increased for 267 documents.
2023-05-10 17:41:01,992 [MainThread] [INFO] Limit for SupportedSources.OPENALEX increased for 267 documents.
2023-05-10 17:41:02,333 [SupportedSources.OPENALEX] [INFO] Status for SupportedSources.OPENALEX changed to SearchStatus.FINISHED.
2023-05-10 17:41:02,334 [SupportedSources.OPENALEX] [INFO] Terminating SupportedSources.OPENALEX client. Docs pulled: 81. Docs left: 2061
2023-05-10 17:41:03,799 [SupportedSources.ARXIV] [INFO] Got first page; 2250547 of inf results available
2023-05-10 17:41:03,853 [SupportedSources.ARXIV] [INFO] Requesting 200 results at offset 200
2023-05-10 17:41:03,853 [SupportedSources.ARXIV] [INFO] Sleeping for 9.945900 seconds
2023-05-10 17:41:03,994 [MainThread] [INFO] Found 2061 docs to distribute. Docs for each client: 343
2023-05-10 17:41:03,994 [MainThread] [INFO] Limit for SupportedSources.ARXIV increased for 343 documents.
2023-05-10 17:41:03,994 [MainThread] [INFO] Limit for SupportedSources.CORE increased for 343 documents.
2023-05-10 17:41:03,995 [MainThread] [INFO] Limit for SupportedSources.INTERNET_ARCHIVE increased for 343 documents.
2023-05-10 17:41:03,995 [MainThread] [INFO] Limit for SupportedSources.SEMANTIC_SCHOLAR increased for 343 documents.
2023-05-10 17:41:03,995 [MainThread] [INFO] Limit for SupportedSources.UNPAYWALL increased for 343 documents.
2023-05-10 17:41:03,995 [MainThread] [INFO] Limit for SupportedSources.CROSSREF increased for 343 documents.
2023-05-10 17:41:06,175 [SupportedSources.UNPAYWALL] [INFO] Status for SupportedSources.UNPAYWALL changed to SearchStatus.FINISHED.
2023-05-10 17:41:06,176 [SupportedSources.UNPAYWALL] [INFO] Terminating SupportedSources.UNPAYWALL client. Docs pulled: 0. Docs left: 2485
2023-05-10 17:41:08,000 [MainThread] [INFO] Found 2485 docs to distribute. Docs for each client: 497
2023-05-10 17:41:08,000 [MainThread] [INFO] Limit for SupportedSources.ARXIV increased for 497 documents.
2023-05-10 17:41:08,001 [MainThread] [INFO] Limit for SupportedSources.CORE increased for 497 documents.
2023-05-10 17:41:08,001 [MainThread] [INFO] Limit for SupportedSources.INTERNET_ARCHIVE increased for 497 documents.
2023-05-10 17:41:08,001 [MainThread] [INFO] Limit for SupportedSources.SEMANTIC_SCHOLAR increased for 497 documents.
2023-05-10 17:41:08,001 [MainThread] [INFO] Limit for SupportedSources.CROSSREF increased for 497 documents.
2023-05-10 17:41:13,806 [SupportedSources.ARXIV] [INFO] Requesting page of results
2023-05-10 17:41:14,905 [SupportedSources.ARXIV] [INFO] Sleeping for 9.999945 seconds
2023-05-10 17:41:24,916 [SupportedSources.ARXIV] [INFO] Requesting page of results
2023-05-10 17:41:28,549 [SupportedSources.ARXIV] [INFO] Requesting 200 results at offset 400
2023-05-10 17:41:28,549 [SupportedSources.ARXIV] [INFO] Sleeping for 9.941330 seconds
2023-05-10 17:41:29,743 [SupportedSources.CROSSREF] [INFO] Status for SupportedSources.CROSSREF changed to SearchStatus.WAITING.
2023-05-10 17:41:29,743 [SupportedSources.CROSSREF] [INFO] Pulled 2982 docs from SupportedSources.CROSSREF.Total docs pulled: 2982
2023-05-10 17:41:38,501 [SupportedSources.ARXIV] [INFO] Requesting page of results
2023-05-10 17:41:40,221 [SupportedSources.ARXIV] [INFO] Sleeping for 9.999945 seconds
2023-05-10 17:41:50,230 [SupportedSources.ARXIV] [INFO] Requesting page of results
2023-05-10 17:41:53,985 [SupportedSources.ARXIV] [INFO] Requesting 200 results at offset 600
2023-05-10 17:41:53,985 [SupportedSources.ARXIV] [INFO] Sleeping for 9.947081 seconds
2023-05-10 17:41:56,877 [SupportedSources.CORE] [ERROR] Can't fetch results with max limit of 200, setting max limit to 100
2023-05-10 17:42:01,559 [SupportedSources.SEMANTIC_SCHOLAR] [ERROR] Error code 400, b'{"error":"Requested data for this limit and/or offset is not available"}\n'
2023-05-10 17:42:01,559 [SupportedSources.SEMANTIC_SCHOLAR] [INFO] Status for SupportedSources.SEMANTIC_SCHOLAR changed to SearchStatus.FINISHED.
2023-05-10 17:42:01,559 [SupportedSources.SEMANTIC_SCHOLAR] [INFO] Terminating SupportedSources.SEMANTIC_SCHOLAR client. Docs pulled: 12. Docs left: 2970
2023-05-10 17:42:02,097 [MainThread] [INFO] Found 2970 docs to distribute. Docs for each client: 742
2023-05-10 17:42:02,097 [MainThread] [INFO] Limit for SupportedSources.ARXIV increased for 742 documents.
2023-05-10 17:42:02,097 [MainThread] [INFO] Limit for SupportedSources.CORE increased for 742 documents.
2023-05-10 17:42:02,097 [MainThread] [INFO] Limit for SupportedSources.INTERNET_ARCHIVE increased for 742 documents.
2023-05-10 17:42:02,098 [MainThread] [INFO] Limit for SupportedSources.CROSSREF increased for 742 documents.
2023-05-10 17:42:03,942 [SupportedSources.ARXIV] [INFO] Requesting page of results
2023-05-10 17:42:04,775 [SupportedSources.CROSSREF] [INFO] Status for SupportedSources.CROSSREF changed to SearchStatus.WORKING.
2023-05-10 17:42:10,560 [SupportedSources.CORE] [ERROR] Can't fetch results with max limit of 100, setting max limit to 50
2023-05-10 17:42:12,646 [SupportedSources.ARXIV] [INFO] Requesting 200 results at offset 800
2023-05-10 17:42:12,646 [SupportedSources.ARXIV] [INFO] Sleeping for 9.946486 seconds
2023-05-10 17:42:13,993 [SupportedSources.CROSSREF] [INFO] Status for SupportedSources.CROSSREF changed to SearchStatus.WAITING.
2023-05-10 17:42:13,993 [SupportedSources.CROSSREF] [INFO] Pulled 742 docs from SupportedSources.CROSSREF.Total docs pulled: 3724
2023-05-10 17:42:17,572 [SupportedSources.CORE] [ERROR] Too many requests on Core, waiting 69 secs...
2023-05-10 17:42:22,603 [SupportedSources.ARXIV] [INFO] Requesting page of results
2023-05-10 17:42:26,436 [SupportedSources.ARXIV] [INFO] Requesting 200 results at offset 1000
2023-05-10 17:42:26,436 [SupportedSources.ARXIV] [INFO] Sleeping for 9.945034 seconds
2023-05-10 17:42:36,392 [SupportedSources.ARXIV] [INFO] Requesting page of results
2023-05-10 17:42:37,791 [SupportedSources.ARXIV] [INFO] Sleeping for 9.999945 seconds
2023-05-10 17:42:47,801 [SupportedSources.ARXIV] [INFO] Requesting page of results
2023-05-10 17:42:49,298 [SupportedSources.ARXIV] [INFO] Sleeping for 9.999948 seconds
2023-05-10 17:42:59,309 [SupportedSources.ARXIV] [INFO] Requesting page of results
2023-05-10 17:43:01,056 [SupportedSources.ARXIV] [INFO] Sleeping for 9.999947 seconds
2023-05-10 17:43:11,066 [SupportedSources.ARXIV] [INFO] Requesting page of results
2023-05-10 17:43:14,927 [SupportedSources.ARXIV] [INFO] Requesting 200 results at offset 1200
2023-05-10 17:43:14,928 [SupportedSources.ARXIV] [INFO] Sleeping for 9.946548 seconds
2023-05-10 17:43:24,885 [SupportedSources.ARXIV] [INFO] Requesting page of results
2023-05-10 17:43:28,878 [SupportedSources.ARXIV] [INFO] Requesting 200 results at offset 1400
2023-05-10 17:43:28,878 [SupportedSources.ARXIV] [INFO] Sleeping for 9.947422 seconds
2023-05-10 17:43:35,829 [SupportedSources.CORE] [ERROR] Can't fetch results with max limit of 50, setting max limit to 25
2023-05-10 17:43:38,836 [SupportedSources.ARXIV] [INFO] Requesting page of results
2023-05-10 17:43:40,232 [SupportedSources.ARXIV] [INFO] Sleeping for 9.999944 seconds
2023-05-10 17:43:42,264 [SupportedSources.CORE] [ERROR] Error code 500, b''
2023-05-10 17:43:50,243 [SupportedSources.ARXIV] [INFO] Requesting page of results
2023-05-10 17:43:53,974 [SupportedSources.ARXIV] [INFO] Requesting 200 results at offset 1600
2023-05-10 17:43:53,974 [SupportedSources.ARXIV] [INFO] Sleeping for 9.947950 seconds
2023-05-10 17:44:00,343 [SupportedSources.CORE] [ERROR] Error code 500, b''
2023-05-10 17:44:03,930 [SupportedSources.ARXIV] [INFO] Requesting page of results
2023-05-10 17:44:06,088 [SupportedSources.ARXIV] [INFO] Sleeping for 9.999945 seconds
2023-05-10 17:44:16,099 [SupportedSources.ARXIV] [INFO] Requesting page of results
2023-05-10 17:44:17,448 [SupportedSources.ARXIV] [INFO] Sleeping for 9.999947 seconds
2023-05-10 17:44:18,553 [SupportedSources.CORE] [ERROR] Error code 500, b''
2023-05-10 17:44:27,455 [SupportedSources.ARXIV] [INFO] Requesting page of results
2023-05-10 17:44:31,814 [SupportedSources.ARXIV] [INFO] Requesting 200 results at offset 1800
2023-05-10 17:44:31,814 [SupportedSources.ARXIV] [INFO] Sleeping for 9.947500 seconds
2023-05-10 17:44:36,399 [SupportedSources.CORE] [ERROR] Error code 500, b''
2023-05-10 17:44:41,770 [SupportedSources.ARXIV] [INFO] Requesting page of results
2023-05-10 17:44:43,615 [SupportedSources.ARXIV] [INFO] Sleeping for 9.999945 seconds
2023-05-10 17:44:53,625 [SupportedSources.ARXIV] [INFO] Requesting page of results
2023-05-10 17:44:55,842 [SupportedSources.CORE] [ERROR] Error code 500, b''
2023-05-10 17:44:57,786 [SupportedSources.ARXIV] [INFO] Requesting 200 results at offset 2000
2023-05-10 17:44:57,786 [SupportedSources.ARXIV] [INFO] Sleeping for 9.946966 seconds
2023-05-10 17:45:07,735 [SupportedSources.ARXIV] [INFO] Requesting page of results
2023-05-10 17:45:12,022 [SupportedSources.ARXIV] [INFO] Requesting 200 results at offset 2200
2023-05-10 17:45:12,023 [SupportedSources.ARXIV] [INFO] Sleeping for 9.946904 seconds
2023-05-10 17:45:13,677 [SupportedSources.CORE] [ERROR] Error code 500, b''
2023-05-10 17:45:13,677 [SupportedSources.CORE] [INFO] Status for SupportedSources.CORE changed to SearchStatus.FINISHED.
2023-05-10 17:45:13,677 [SupportedSources.CORE] [INFO] Terminating SupportedSources.CORE client. Docs pulled: 1159. Docs left: 2565
2023-05-10 17:45:14,294 [MainThread] [INFO] Found 2565 docs to distribute. Docs for each client: 855
2023-05-10 17:45:14,295 [MainThread] [INFO] Limit for SupportedSources.ARXIV increased for 855 documents.
2023-05-10 17:45:14,295 [MainThread] [INFO] Limit for SupportedSources.INTERNET_ARCHIVE increased for 855 documents.
2023-05-10 17:45:14,295 [MainThread] [INFO] Limit for SupportedSources.CROSSREF increased for 855 documents.
2023-05-10 17:45:19,151 [SupportedSources.CROSSREF] [INFO] Status for SupportedSources.CROSSREF changed to SearchStatus.WORKING.
2023-05-10 17:45:21,980 [SupportedSources.ARXIV] [INFO] Requesting page of results
2023-05-10 17:45:26,002 [SupportedSources.CROSSREF] [INFO] Status for SupportedSources.CROSSREF changed to SearchStatus.WAITING.
2023-05-10 17:45:26,003 [SupportedSources.CROSSREF] [INFO] Pulled 855 docs from SupportedSources.CROSSREF.Total docs pulled: 4579
2023-05-10 17:45:26,601 [SupportedSources.ARXIV] [INFO] Requesting 200 results at offset 2400
2023-05-10 17:45:26,601 [SupportedSources.ARXIV] [INFO] Sleeping for 9.947499 seconds
2023-05-10 17:45:36,559 [SupportedSources.ARXIV] [INFO] Requesting page of results
2023-05-10 17:45:37,815 [SupportedSources.ARXIV] [INFO] Sleeping for 9.999946 seconds
2023-05-10 17:45:47,818 [SupportedSources.ARXIV] [INFO] Requesting page of results
2023-05-10 17:45:52,128 [SupportedSources.ARXIV] [INFO] Requesting 200 results at offset 2600
2023-05-10 17:45:52,129 [SupportedSources.ARXIV] [INFO] Sleeping for 9.947122 seconds
2023-05-10 17:46:02,086 [SupportedSources.ARXIV] [INFO] Requesting page of results
2023-05-10 17:46:03,952 [SupportedSources.ARXIV] [INFO] Sleeping for 9.999947 seconds
2023-05-10 17:46:13,962 [SupportedSources.ARXIV] [INFO] Requesting page of results
2023-05-10 17:46:18,344 [SupportedSources.ARXIV] [INFO] Requesting 200 results at offset 2800
2023-05-10 17:46:18,344 [SupportedSources.ARXIV] [INFO] Sleeping for 9.946633 seconds
2023-05-10 17:46:28,300 [SupportedSources.ARXIV] [INFO] Requesting page of results
2023-05-10 17:46:29,312 [SupportedSources.ARXIV] [INFO] Sleeping for 9.999945 seconds
2023-05-10 17:46:39,323 [SupportedSources.ARXIV] [INFO] Requesting page of results
2023-05-10 17:46:40,122 [SupportedSources.ARXIV] [INFO] Sleeping for 9.999946 seconds
2023-05-10 17:46:49,514 [SupportedSources.INTERNET_ARCHIVE] [INFO] Status for SupportedSources.INTERNET_ARCHIVE changed to SearchStatus.WAITING.
2023-05-10 17:46:49,514 [SupportedSources.INTERNET_ARCHIVE] [INFO] Pulled 4579 docs from SupportedSources.INTERNET_ARCHIVE.Total docs pulled: 4579
2023-05-10 17:46:50,131 [SupportedSources.ARXIV] [INFO] Requesting page of results
2023-05-10 17:46:54,542 [SupportedSources.ARXIV] [INFO] Requesting 200 results at offset 3000
2023-05-10 17:46:54,543 [SupportedSources.ARXIV] [INFO] Sleeping for 9.947084 seconds
2023-05-10 17:47:04,500 [SupportedSources.ARXIV] [INFO] Requesting page of results
2023-05-10 17:47:08,766 [SupportedSources.ARXIV] [INFO] Requesting 200 results at offset 3200
2023-05-10 17:47:08,766 [SupportedSources.ARXIV] [INFO] Sleeping for 9.947577 seconds
2023-05-10 17:47:18,724 [SupportedSources.ARXIV] [INFO] Requesting page of results
2023-05-10 17:47:23,363 [SupportedSources.ARXIV] [INFO] Requesting 200 results at offset 3400
2023-05-10 17:47:23,363 [SupportedSources.ARXIV] [INFO] Sleeping for 9.947470 seconds
2023-05-10 17:47:33,321 [SupportedSources.ARXIV] [INFO] Requesting page of results
2023-05-10 17:47:34,369 [SupportedSources.ARXIV] [INFO] Sleeping for 9.999946 seconds
2023-05-10 17:47:44,379 [SupportedSources.ARXIV] [INFO] Requesting page of results
2023-05-10 17:47:49,045 [SupportedSources.ARXIV] [INFO] Requesting 200 results at offset 3600
2023-05-10 17:47:49,045 [SupportedSources.ARXIV] [INFO] Sleeping for 9.947368 seconds
2023-05-10 17:47:59,002 [SupportedSources.ARXIV] [INFO] Requesting page of results
2023-05-10 17:48:04,007 [SupportedSources.ARXIV] [INFO] Requesting 200 results at offset 3800
2023-05-10 17:48:04,007 [SupportedSources.ARXIV] [INFO] Sleeping for 9.947605 seconds
2023-05-10 17:48:13,962 [SupportedSources.ARXIV] [INFO] Requesting page of results
2023-05-10 17:48:15,350 [SupportedSources.ARXIV] [INFO] Sleeping for 9.999948 seconds
2023-05-10 17:48:25,360 [SupportedSources.ARXIV] [INFO] Requesting page of results
2023-05-10 17:48:29,939 [SupportedSources.ARXIV] [INFO] Requesting 200 results at offset 4000
2023-05-10 17:48:29,940 [SupportedSources.ARXIV] [INFO] Sleeping for 9.947377 seconds
2023-05-10 17:48:39,897 [SupportedSources.ARXIV] [INFO] Requesting page of results
2023-05-10 17:48:40,696 [SupportedSources.ARXIV] [INFO] Sleeping for 9.999948 seconds
2023-05-10 17:48:50,706 [SupportedSources.ARXIV] [INFO] Requesting page of results
2023-05-10 17:48:52,194 [SupportedSources.ARXIV] [INFO] Sleeping for 9.999949 seconds
2023-05-10 17:49:02,202 [SupportedSources.ARXIV] [INFO] Requesting page of results
2023-05-10 17:49:04,695 [SupportedSources.ARXIV] [INFO] Sleeping for 9.999950 seconds
2023-05-10 17:49:14,706 [SupportedSources.ARXIV] [INFO] Requesting page of results
2023-05-10 17:49:16,118 [SupportedSources.ARXIV] [INFO] Sleeping for 9.999927 seconds
2023-05-10 17:49:26,128 [SupportedSources.ARXIV] [INFO] Requesting page of results
2023-05-10 17:49:31,682 [SupportedSources.ARXIV] [INFO] Requesting 200 results at offset 4200
2023-05-10 17:49:31,683 [SupportedSources.ARXIV] [INFO] Sleeping for 9.948644 seconds
2023-05-10 17:49:41,642 [SupportedSources.ARXIV] [INFO] Requesting page of results
2023-05-10 17:49:44,485 [SupportedSources.ARXIV] [INFO] Sleeping for 9.999946 seconds
2023-05-10 17:49:54,495 [SupportedSources.ARXIV] [INFO] Requesting page of results
2023-05-10 17:49:55,898 [SupportedSources.ARXIV] [INFO] Sleeping for 9.999925 seconds
2023-05-10 17:50:05,906 [SupportedSources.ARXIV] [INFO] Requesting page of results
2023-05-10 17:50:07,648 [SupportedSources.ARXIV] [INFO] Sleeping for 9.999950 seconds
2023-05-10 17:50:17,659 [SupportedSources.ARXIV] [INFO] Requesting page of results
2023-05-10 17:50:19,058 [SupportedSources.ARXIV] [INFO] Sleeping for 9.999951 seconds
2023-05-10 17:50:29,066 [SupportedSources.ARXIV] [INFO] Requesting page of results
2023-05-10 17:50:30,362 [SupportedSources.ARXIV] [INFO] Sleeping for 9.999950 seconds
2023-05-10 17:50:40,372 [SupportedSources.ARXIV] [INFO] Requesting page of results
2023-05-10 17:50:42,026 [SupportedSources.ARXIV] [INFO] Sleeping for 9.999950 seconds
2023-05-10 17:50:52,034 [SupportedSources.ARXIV] [INFO] Requesting page of results
2023-05-10 17:50:53,978 [SupportedSources.ARXIV] [INFO] Sleeping for 9.999949 seconds
2023-05-10 17:51:03,986 [SupportedSources.ARXIV] [INFO] Requesting page of results
2023-05-10 17:51:05,319 [SupportedSources.ARXIV] [INFO] Sleeping for 9.999949 seconds
2023-05-10 17:51:15,330 [SupportedSources.ARXIV] [INFO] Requesting page of results
2023-05-10 17:51:20,365 [SupportedSources.ARXIV] [INFO] Requesting 200 results at offset 4400
2023-05-10 17:51:20,365 [SupportedSources.ARXIV] [INFO] Sleeping for 9.946882 seconds
2023-05-10 17:51:30,322 [SupportedSources.ARXIV] [INFO] Requesting page of results
2023-05-10 17:51:31,638 [SupportedSources.ARXIV] [INFO] Sleeping for 9.999946 seconds
2023-05-10 17:51:41,648 [SupportedSources.ARXIV] [INFO] Requesting page of results
2023-05-10 17:51:42,523 [SupportedSources.ARXIV] [INFO] Sleeping for 9.999950 seconds
2023-05-10 17:51:52,533 [SupportedSources.ARXIV] [INFO] Requesting page of results
2023-05-10 17:51:54,975 [SupportedSources.ARXIV] [INFO] Sleeping for 9.999949 seconds
2023-05-10 17:52:04,985 [SupportedSources.ARXIV] [INFO] Requesting page of results
2023-05-10 17:52:06,424 [SupportedSources.ARXIV] [INFO] Sleeping for 9.999950 seconds
2023-05-10 17:52:16,434 [SupportedSources.ARXIV] [INFO] Requesting page of results
2023-05-10 17:52:19,203 [SupportedSources.ARXIV] [INFO] Sleeping for 9.999950 seconds
2023-05-10 17:52:29,210 [SupportedSources.ARXIV] [INFO] Requesting page of results
2023-05-10 17:52:30,263 [SupportedSources.ARXIV] [INFO] Sleeping for 9.999950 seconds
2023-05-10 17:52:40,274 [SupportedSources.ARXIV] [INFO] Requesting page of results
2023-05-10 17:52:42,199 [SupportedSources.ARXIV] [INFO] Sleeping for 9.999949 seconds
2023-05-10 17:52:52,206 [SupportedSources.ARXIV] [INFO] Requesting page of results
2023-05-10 17:52:53,315 [SupportedSources.ARXIV] [INFO] Sleeping for 9.999950 seconds
2023-05-10 17:53:03,326 [SupportedSources.ARXIV] [INFO] Requesting page of results
2023-05-10 17:53:04,276 [SupportedSources.ARXIV] [INFO] Sleeping for 9.999950 seconds
2023-05-10 17:53:14,286 [SupportedSources.ARXIV] [INFO] Requesting page of results
2023-05-10 17:53:16,583 [SupportedSources.ARXIV] [INFO] Sleeping for 9.999948 seconds
2023-05-10 17:53:26,593 [SupportedSources.ARXIV] [INFO] Requesting page of results
2023-05-10 17:53:29,403 [SupportedSources.ARXIV] [INFO] Sleeping for 9.999949 seconds
2023-05-10 17:53:39,413 [SupportedSources.ARXIV] [INFO] Requesting page of results
2023-05-10 17:53:40,457 [SupportedSources.ARXIV] [INFO] Sleeping for 9.999947 seconds
2023-05-10 17:53:50,468 [SupportedSources.ARXIV] [INFO] Requesting page of results
2023-05-10 17:53:51,465 [SupportedSources.ARXIV] [INFO] Sleeping for 9.999949 seconds
2023-05-10 17:54:01,476 [SupportedSources.ARXIV] [INFO] Requesting page of results
2023-05-10 17:54:02,290 [SupportedSources.ARXIV] [INFO] Sleeping for 9.999947 seconds
2023-05-10 17:54:12,300 [SupportedSources.ARXIV] [INFO] Requesting page of results
2023-05-10 17:54:14,107 [SupportedSources.ARXIV] [INFO] Sleeping for 9.999949 seconds
2023-05-10 17:54:24,117 [SupportedSources.ARXIV] [INFO] Requesting page of results
2023-05-10 17:54:25,786 [SupportedSources.ARXIV] [INFO] Sleeping for 9.999949 seconds
2023-05-10 17:54:35,796 [SupportedSources.ARXIV] [INFO] Requesting page of results
2023-05-10 17:54:36,747 [SupportedSources.ARXIV] [INFO] Sleeping for 9.999948 seconds
2023-05-10 17:54:46,757 [SupportedSources.ARXIV] [INFO] Requesting page of results
2023-05-10 17:54:47,629 [SupportedSources.ARXIV] [INFO] Sleeping for 9.999950 seconds
2023-05-10 17:54:57,640 [SupportedSources.ARXIV] [INFO] Requesting page of results
2023-05-10 17:54:59,799 [SupportedSources.ARXIV] [INFO] Sleeping for 9.999946 seconds
2023-05-10 17:55:09,810 [SupportedSources.ARXIV] [INFO] Requesting page of results
2023-05-10 17:55:11,795 [SupportedSources.ARXIV] [INFO] Sleeping for 9.999947 seconds
2023-05-10 17:55:21,805 [SupportedSources.ARXIV] [INFO] Requesting page of results
2023-05-10 17:55:24,139 [SupportedSources.ARXIV] [INFO] Sleeping for 9.999946 seconds
2023-05-10 17:55:34,150 [SupportedSources.ARXIV] [INFO] Requesting page of results
2023-05-10 17:55:34,951 [SupportedSources.ARXIV] [INFO] Sleeping for 9.999950 seconds
2023-05-10 17:55:44,958 [SupportedSources.ARXIV] [INFO] Requesting page of results
2023-05-10 17:55:49,679 [SupportedSources.ARXIV] [INFO] Status for SupportedSources.ARXIV changed to SearchStatus.WAITING.
2023-05-10 17:55:49,679 [SupportedSources.ARXIV] [INFO] Pulled 4579 docs from SupportedSources.ARXIV.Total docs pulled: 4579
2023-05-10 17:55:51,586 [SupportedSources.CROSSREF] [INFO] Kill signal for SupportedSources.CROSSREF occurred.
2023-05-10 17:55:51,586 [SupportedSources.CROSSREF] [INFO] Terminating SupportedSources.CROSSREF client. Docs pulled: 4579. Docs left: 0
2023-05-10 17:55:54,685 [SupportedSources.ARXIV] [INFO] Kill signal for SupportedSources.ARXIV occurred.
2023-05-10 17:55:54,686 [SupportedSources.ARXIV] [INFO] Status for SupportedSources.ARXIV changed to SearchStatus.FINISHED.
2023-05-10 17:55:54,687 [SupportedSources.ARXIV] [INFO] Terminating SupportedSources.ARXIV client. Docs pulled: 4579.Docs left: 0
2023-05-10 17:55:55,020 [SupportedSources.INTERNET_ARCHIVE] [INFO] Kill signal for SupportedSources.INTERNET_ARCHIVE occurred.
2023-05-10 17:55:55,020 [SupportedSources.INTERNET_ARCHIVE] [INFO] Terminating SupportedSources.INTERNET_ARCHIVE client. Docs pulled: 4579.Docs left: 0
2023-05-10 17:55:55,967 [MainThread] [INFO] SupportedSources.ARXIV: 4579
2023-05-10 17:55:55,967 [MainThread] [INFO] SupportedSources.CORE: 1159
2023-05-10 17:55:55,968 [MainThread] [INFO] SupportedSources.INTERNET_ARCHIVE: 4579
2023-05-10 17:55:55,968 [MainThread] [INFO] SupportedSources.SEMANTIC_SCHOLAR: 12
2023-05-10 17:55:55,968 [MainThread] [INFO] SupportedSources.UNPAYWALL: 0
2023-05-10 17:55:55,968 [MainThread] [INFO] SupportedSources.CROSSREF: 4579
2023-05-10 17:55:55,969 [MainThread] [INFO] SupportedSources.OPENALEX: 81
2023-05-10 17:55:55,969 [MainThread] [INFO] SupportedSources.PAPERS_WITH_CODE: 0
2023-05-10 17:55:55,969 [MainThread] [INFO] total documents: 14989
total found: 14939
2023-05-10 17:55:56,342 [MainThread] [INFO] starting deduplication...
2023-05-10 17:57:26,477 [MainThread] [INFO] Trying to find abstracts for papers on semantic scholar...
100% (94 of 94) |############################################| Elapsed Time: 0:01:09 Time:  0:01:09
2023-05-10 17:58:36,334 [MainThread] [INFO] Abstract was found for 1799 papers.
2023-05-10 17:58:36,370 [MainThread] [INFO] total results after deduplication: 10286
2023-05-10 17:58:36,370 [MainThread] [INFO] Load pretrained SentenceTransformer: all-roberta-large-v1
2023-05-10 17:58:39,787 [MainThread] [INFO] Use pytorch device: cuda
Batches: 100%|████████████████████████████████████████████████████| 643/643 [06:09<00:00,  1.74it/s]
