query: deformable image registration with neural networks
limit: 15000
filename: image_registration
2023-05-10 19:24:07,180 [MainThread] [INFO] Search 505c5549-2eca-4c59-88ed-60a51de66d26 created.
2023-05-10 19:24:07,181 [MainThread] [INFO] Search query: deformable image registration with neural networks
2023-05-10 19:24:07,181 [MainThread] [INFO] Search limit: 15000
2023-05-10 19:24:07,181 [MainThread] [INFO] Sources: SupportedSources.ARXIV,SupportedSources.CORE,SupportedSources.CROSSREF,SupportedSources.INTERNET_ARCHIVE,SupportedSources.SEMANTIC_SCHOLAR,SupportedSources.UNPAYWALL,SupportedSources.OPENALEX,SupportedSources.PAPERS_WITH_CODE
2023-05-10 19:24:07,183 [MainThread] [INFO] Initial limit for source: 1875
2023-05-10 19:24:07,184 [SupportedSources.ARXIV] [INFO] Requesting 200 results at offset 0
2023-05-10 19:24:07,185 [SupportedSources.ARXIV] [INFO] Requesting page of results
2023-05-10 19:24:08,191 [SupportedSources.PAPERS_WITH_CODE] [INFO] Status for SupportedSources.PAPERS_WITH_CODE changed to SearchStatus.FINISHED.
2023-05-10 19:24:08,191 [SupportedSources.PAPERS_WITH_CODE] [INFO] Terminating SupportedSources.PAPERS_WITH_CODE client. Docs pulled: 34. Docs left: 1841
2023-05-10 19:24:09,226 [MainThread] [INFO] Found 1841 docs to distribute. Docs for each client: 263
2023-05-10 19:24:09,227 [MainThread] [INFO] Limit for SupportedSources.ARXIV increased for 263 documents.
2023-05-10 19:24:09,227 [MainThread] [INFO] Limit for SupportedSources.CORE increased for 263 documents.
2023-05-10 19:24:09,227 [MainThread] [INFO] Limit for SupportedSources.INTERNET_ARCHIVE increased for 263 documents.
2023-05-10 19:24:09,227 [MainThread] [INFO] Limit for SupportedSources.SEMANTIC_SCHOLAR increased for 263 documents.
2023-05-10 19:24:09,227 [MainThread] [INFO] Limit for SupportedSources.UNPAYWALL increased for 263 documents.
2023-05-10 19:24:09,228 [MainThread] [INFO] Limit for SupportedSources.CROSSREF increased for 263 documents.
2023-05-10 19:24:09,228 [MainThread] [INFO] Limit for SupportedSources.OPENALEX increased for 263 documents.
2023-05-10 19:24:09,998 [SupportedSources.ARXIV] [INFO] Got first page; 1660615 of inf results available
2023-05-10 19:24:10,147 [SupportedSources.ARXIV] [INFO] Requesting 200 results at offset 200
2023-05-10 19:24:10,148 [SupportedSources.ARXIV] [INFO] Sleeping for 9.849855 seconds
2023-05-10 19:24:10,312 [SupportedSources.UNPAYWALL] [INFO] Status for SupportedSources.UNPAYWALL changed to SearchStatus.FINISHED.
2023-05-10 19:24:10,313 [SupportedSources.UNPAYWALL] [INFO] Terminating SupportedSources.UNPAYWALL client. Docs pulled: 32. Docs left: 2106
2023-05-10 19:24:11,230 [MainThread] [INFO] Found 2106 docs to distribute. Docs for each client: 351
2023-05-10 19:24:11,231 [MainThread] [INFO] Limit for SupportedSources.ARXIV increased for 351 documents.
2023-05-10 19:24:11,231 [MainThread] [INFO] Limit for SupportedSources.CORE increased for 351 documents.
2023-05-10 19:24:11,232 [MainThread] [INFO] Limit for SupportedSources.INTERNET_ARCHIVE increased for 351 documents.
2023-05-10 19:24:11,232 [MainThread] [INFO] Limit for SupportedSources.SEMANTIC_SCHOLAR increased for 351 documents.
2023-05-10 19:24:11,232 [MainThread] [INFO] Limit for SupportedSources.CROSSREF increased for 351 documents.
2023-05-10 19:24:11,232 [MainThread] [INFO] Limit for SupportedSources.OPENALEX increased for 351 documents.
2023-05-10 19:24:20,008 [SupportedSources.ARXIV] [INFO] Requesting page of results
2023-05-10 19:24:22,548 [SupportedSources.ARXIV] [INFO] Requesting 200 results at offset 400
2023-05-10 19:24:22,548 [SupportedSources.ARXIV] [INFO] Sleeping for 9.934186 seconds
2023-05-10 19:24:26,601 [SupportedSources.OPENALEX] [INFO] Status for SupportedSources.OPENALEX changed to SearchStatus.WAITING.
2023-05-10 19:24:26,601 [SupportedSources.OPENALEX] [INFO] Pulled 2489 docs from SupportedSources.OPENALEX.Total docs pulled: 2489
2023-05-10 19:24:32,137 [SupportedSources.CROSSREF] [INFO] Status for SupportedSources.CROSSREF changed to SearchStatus.WAITING.
2023-05-10 19:24:32,138 [SupportedSources.CROSSREF] [INFO] Pulled 2489 docs from SupportedSources.CROSSREF.Total docs pulled: 2489
2023-05-10 19:24:32,490 [SupportedSources.ARXIV] [INFO] Requesting page of results
2023-05-10 19:24:33,797 [SupportedSources.ARXIV] [INFO] Sleeping for 9.999942 seconds
2023-05-10 19:24:43,807 [SupportedSources.ARXIV] [INFO] Requesting page of results
2023-05-10 19:24:53,142 [SupportedSources.ARXIV] [INFO] Requesting 200 results at offset 600
2023-05-10 19:24:53,142 [SupportedSources.ARXIV] [INFO] Sleeping for 9.936883 seconds
2023-05-10 19:25:03,086 [SupportedSources.ARXIV] [INFO] Requesting page of results
2023-05-10 19:25:05,921 [SupportedSources.ARXIV] [INFO] Requesting 200 results at offset 800
2023-05-10 19:25:05,921 [SupportedSources.ARXIV] [INFO] Sleeping for 9.940409 seconds
2023-05-10 19:25:15,872 [SupportedSources.ARXIV] [INFO] Requesting page of results
2023-05-10 19:25:20,288 [SupportedSources.ARXIV] [INFO] Sleeping for 9.999948 seconds
2023-05-10 19:25:24,688 [SupportedSources.SEMANTIC_SCHOLAR] [INFO] Status for SupportedSources.SEMANTIC_SCHOLAR changed to SearchStatus.WAITING.
2023-05-10 19:25:24,688 [SupportedSources.SEMANTIC_SCHOLAR] [INFO] Pulled 2489 docs from SupportedSources.SEMANTIC_SCHOLAR. Total docs pulled: 2489
2023-05-10 19:25:30,255 [SupportedSources.CORE] [ERROR] Too many requests on Core, waiting 69 secs...
2023-05-10 19:25:30,298 [SupportedSources.ARXIV] [INFO] Requesting page of results
2023-05-10 19:25:33,316 [SupportedSources.ARXIV] [INFO] Requesting 200 results at offset 1000
2023-05-10 19:25:33,316 [SupportedSources.ARXIV] [INFO] Sleeping for 9.940510 seconds
2023-05-10 19:25:43,266 [SupportedSources.ARXIV] [INFO] Requesting page of results
2023-05-10 19:25:46,442 [SupportedSources.ARXIV] [INFO] Requesting 200 results at offset 1200
2023-05-10 19:25:46,442 [SupportedSources.ARXIV] [INFO] Sleeping for 9.941085 seconds
2023-05-10 19:25:56,394 [SupportedSources.ARXIV] [INFO] Requesting page of results
2023-05-10 19:25:59,953 [SupportedSources.ARXIV] [INFO] Requesting 200 results at offset 1400
2023-05-10 19:25:59,953 [SupportedSources.ARXIV] [INFO] Sleeping for 9.943026 seconds
2023-05-10 19:26:09,898 [SupportedSources.ARXIV] [INFO] Requesting page of results
2023-05-10 19:26:13,252 [SupportedSources.ARXIV] [INFO] Requesting 200 results at offset 1600
2023-05-10 19:26:13,252 [SupportedSources.ARXIV] [INFO] Sleeping for 9.942511 seconds
2023-05-10 19:26:23,205 [SupportedSources.ARXIV] [INFO] Requesting page of results
2023-05-10 19:26:26,325 [SupportedSources.ARXIV] [INFO] Requesting 200 results at offset 1800
2023-05-10 19:26:26,325 [SupportedSources.ARXIV] [INFO] Sleeping for 9.942854 seconds
2023-05-10 19:26:36,278 [SupportedSources.ARXIV] [INFO] Requesting page of results
2023-05-10 19:26:39,610 [SupportedSources.ARXIV] [INFO] Requesting 200 results at offset 2000
2023-05-10 19:26:39,611 [SupportedSources.ARXIV] [INFO] Sleeping for 9.941153 seconds
2023-05-10 19:26:43,142 [SupportedSources.INTERNET_ARCHIVE] [INFO] Status for SupportedSources.INTERNET_ARCHIVE changed to SearchStatus.WAITING.
2023-05-10 19:26:43,142 [SupportedSources.INTERNET_ARCHIVE] [INFO] Pulled 2489 docs from SupportedSources.INTERNET_ARCHIVE.Total docs pulled: 2489
2023-05-10 19:26:49,562 [SupportedSources.ARXIV] [INFO] Requesting page of results
2023-05-10 19:26:52,634 [SupportedSources.ARXIV] [INFO] Requesting 200 results at offset 2200
2023-05-10 19:26:52,634 [SupportedSources.ARXIV] [INFO] Sleeping for 9.941116 seconds
2023-05-10 19:27:02,586 [SupportedSources.ARXIV] [INFO] Requesting page of results
2023-05-10 19:27:06,187 [SupportedSources.ARXIV] [INFO] Requesting 200 results at offset 2400
2023-05-10 19:27:06,188 [SupportedSources.ARXIV] [INFO] Sleeping for 9.941219 seconds
2023-05-10 19:27:16,139 [SupportedSources.ARXIV] [INFO] Requesting page of results
2023-05-10 19:27:17,479 [SupportedSources.ARXIV] [INFO] Sleeping for 9.999949 seconds
2023-05-10 19:27:27,490 [SupportedSources.ARXIV] [INFO] Requesting page of results
2023-05-10 19:27:30,656 [SupportedSources.ARXIV] [INFO] Status for SupportedSources.ARXIV changed to SearchStatus.WAITING.
2023-05-10 19:27:30,656 [SupportedSources.ARXIV] [INFO] Pulled 2489 docs from SupportedSources.ARXIV.Total docs pulled: 2489
2023-05-10 19:27:58,433 [SupportedSources.CORE] [ERROR] Can't fetch results with max limit of 200, setting max limit to 100
2023-05-10 19:28:05,688 [SupportedSources.CORE] [ERROR] Can't fetch results with max limit of 100, setting max limit to 50
2023-05-10 19:28:12,134 [SupportedSources.CORE] [ERROR] Can't fetch results with max limit of 50, setting max limit to 25
2023-05-10 19:28:19,930 [SupportedSources.CORE] [ERROR] Error code 500, b''
2023-05-10 19:29:20,779 [SupportedSources.CORE] [ERROR] Can't fetch results with max limit of 25, setting max limit to 12
2023-05-10 19:29:58,479 [SupportedSources.CORE] [INFO] Status for SupportedSources.CORE changed to SearchStatus.FINISHED.
2023-05-10 19:29:58,479 [SupportedSources.CORE] [INFO] Terminating SupportedSources.CORE client. Docs pulled: 1593. Docs left: 896
2023-05-10 19:29:59,762 [MainThread] [INFO] Found 896 docs to distribute. Docs for each client: 179
2023-05-10 19:29:59,762 [MainThread] [INFO] Limit for SupportedSources.ARXIV increased for 179 documents.
2023-05-10 19:29:59,763 [MainThread] [INFO] Limit for SupportedSources.INTERNET_ARCHIVE increased for 179 documents.
2023-05-10 19:29:59,763 [MainThread] [INFO] Limit for SupportedSources.SEMANTIC_SCHOLAR increased for 179 documents.
2023-05-10 19:29:59,763 [MainThread] [INFO] Limit for SupportedSources.CROSSREF increased for 179 documents.
2023-05-10 19:29:59,763 [MainThread] [INFO] Limit for SupportedSources.OPENALEX increased for 179 documents.
2023-05-10 19:29:59,935 [SupportedSources.SEMANTIC_SCHOLAR] [INFO] Status for SupportedSources.SEMANTIC_SCHOLAR changed to SearchStatus.WORKING.
2023-05-10 19:30:01,172 [SupportedSources.ARXIV] [INFO] Status for SupportedSources.ARXIV changed to SearchStatus.WORKING.
2023-05-10 19:30:01,211 [SupportedSources.ARXIV] [INFO] Requesting 200 results at offset 2600
2023-05-10 19:30:01,212 [SupportedSources.ARXIV] [INFO] Requesting page of results
2023-05-10 19:30:01,907 [SupportedSources.OPENALEX] [INFO] Status for SupportedSources.OPENALEX changed to SearchStatus.WORKING.
2023-05-10 19:30:02,337 [SupportedSources.ARXIV] [INFO] Sleeping for 9.999952 seconds
2023-05-10 19:30:02,443 [SupportedSources.CROSSREF] [INFO] Status for SupportedSources.CROSSREF changed to SearchStatus.WORKING.
2023-05-10 19:30:03,438 [SupportedSources.INTERNET_ARCHIVE] [INFO] Status for SupportedSources.INTERNET_ARCHIVE changed to SearchStatus.WORKING.
2023-05-10 19:30:04,048 [SupportedSources.OPENALEX] [INFO] Status for SupportedSources.OPENALEX changed to SearchStatus.WAITING.
2023-05-10 19:30:04,048 [SupportedSources.OPENALEX] [INFO] Pulled 179 docs from SupportedSources.OPENALEX.Total docs pulled: 2668
2023-05-10 19:30:05,881 [SupportedSources.SEMANTIC_SCHOLAR] [INFO] Status for SupportedSources.SEMANTIC_SCHOLAR changed to SearchStatus.WAITING.
2023-05-10 19:30:05,881 [SupportedSources.SEMANTIC_SCHOLAR] [INFO] Pulled 179 docs from SupportedSources.SEMANTIC_SCHOLAR. Total docs pulled: 2668
2023-05-10 19:30:11,521 [SupportedSources.CROSSREF] [INFO] Status for SupportedSources.CROSSREF changed to SearchStatus.WAITING.
2023-05-10 19:30:11,521 [SupportedSources.CROSSREF] [INFO] Pulled 179 docs from SupportedSources.CROSSREF.Total docs pulled: 2668
2023-05-10 19:30:12,348 [SupportedSources.ARXIV] [INFO] Requesting page of results
2023-05-10 19:30:20,735 [SupportedSources.ARXIV] [INFO] Status for SupportedSources.ARXIV changed to SearchStatus.WAITING.
2023-05-10 19:30:20,736 [SupportedSources.ARXIV] [INFO] Pulled 179 docs from SupportedSources.ARXIV.Total docs pulled: 2668
2023-05-10 19:30:23,237 [SupportedSources.INTERNET_ARCHIVE] [INFO] Status for SupportedSources.INTERNET_ARCHIVE changed to SearchStatus.WAITING.
2023-05-10 19:30:23,237 [SupportedSources.INTERNET_ARCHIVE] [INFO] Pulled 179 docs from SupportedSources.INTERNET_ARCHIVE.Total docs pulled: 2668
2023-05-10 19:30:24,067 [SupportedSources.OPENALEX] [INFO] Kill signal for SupportedSources.OPENALEX occurred.
2023-05-10 19:30:24,067 [SupportedSources.OPENALEX] [INFO] Terminating SupportedSources.OPENALEX client. Docs pulled: 2668. Docs left: 0
2023-05-10 19:30:25,937 [SupportedSources.SEMANTIC_SCHOLAR] [INFO] Kill signal for SupportedSources.SEMANTIC_SCHOLAR occurred.
2023-05-10 19:30:25,937 [SupportedSources.ARXIV] [INFO] Kill signal for SupportedSources.ARXIV occurred.
2023-05-10 19:30:25,948 [SupportedSources.SEMANTIC_SCHOLAR] [INFO] Terminating SupportedSources.SEMANTIC_SCHOLAR client. Docs pulled: 2668. Docs left: 0
2023-05-10 19:30:25,959 [SupportedSources.ARXIV] [INFO] Status for SupportedSources.ARXIV changed to SearchStatus.FINISHED.
2023-05-10 19:30:25,979 [SupportedSources.ARXIV] [INFO] Terminating SupportedSources.ARXIV client. Docs pulled: 2668.Docs left: 0
2023-05-10 19:30:26,537 [SupportedSources.CROSSREF] [INFO] Kill signal for SupportedSources.CROSSREF occurred.
2023-05-10 19:30:26,537 [SupportedSources.CROSSREF] [INFO] Terminating SupportedSources.CROSSREF client. Docs pulled: 2668. Docs left: 0
2023-05-10 19:30:28,243 [SupportedSources.INTERNET_ARCHIVE] [INFO] Kill signal for SupportedSources.INTERNET_ARCHIVE occurred.
2023-05-10 19:30:28,243 [SupportedSources.INTERNET_ARCHIVE] [INFO] Terminating SupportedSources.INTERNET_ARCHIVE client. Docs pulled: 2668.Docs left: 0
2023-05-10 19:30:28,946 [MainThread] [INFO] SupportedSources.ARXIV: 2668
2023-05-10 19:30:28,946 [MainThread] [INFO] SupportedSources.CORE: 1593
2023-05-10 19:30:28,947 [MainThread] [INFO] SupportedSources.INTERNET_ARCHIVE: 2668
2023-05-10 19:30:28,947 [MainThread] [INFO] SupportedSources.SEMANTIC_SCHOLAR: 2668
2023-05-10 19:30:28,947 [MainThread] [INFO] SupportedSources.UNPAYWALL: 32
2023-05-10 19:30:28,947 [MainThread] [INFO] SupportedSources.CROSSREF: 2668
2023-05-10 19:30:28,947 [MainThread] [INFO] SupportedSources.OPENALEX: 2668
2023-05-10 19:30:28,948 [MainThread] [INFO] SupportedSources.PAPERS_WITH_CODE: 34
2023-05-10 19:30:28,948 [MainThread] [INFO] total documents: 14999
total found: 14922
2023-05-10 19:30:29,517 [MainThread] [INFO] starting deduplication...
2023-05-10 19:30:54,278 [MainThread] [INFO] Trying to find abstracts for papers on semantic scholar...
100% (94 of 94) |################################################| Elapsed Time: 0:01:55 Time:  0:01:55
2023-05-10 19:32:51,099 [MainThread] [INFO] Abstract was found for 2556 papers.
2023-05-10 19:32:51,148 [MainThread] [INFO] total results after deduplication: 11850
