query: rough volatility models
limit: 15000
filename: rough_volatility
2023-05-10 18:13:02,737 [MainThread] [INFO] Search a613b458-2c5b-474c-a11d-8a6548fc9d25 created.
2023-05-10 18:13:02,738 [MainThread] [INFO] Search query: rough volatility models
2023-05-10 18:13:02,738 [MainThread] [INFO] Search limit: 15000
2023-05-10 18:13:02,738 [MainThread] [INFO] Sources: SupportedSources.ARXIV,SupportedSources.CORE,SupportedSources.CROSSREF,SupportedSources.INTERNET_ARCHIVE,SupportedSources.SEMANTIC_SCHOLAR,SupportedSources.UNPAYWALL,SupportedSources.OPENALEX,SupportedSources.PAPERS_WITH_CODE
2023-05-10 18:13:02,740 [MainThread] [INFO] Initial limit for source: 1875
2023-05-10 18:13:02,741 [SupportedSources.ARXIV] [INFO] Requesting 200 results at offset 0
2023-05-10 18:13:02,742 [SupportedSources.ARXIV] [INFO] Requesting page of results
2023-05-10 18:13:03,629 [SupportedSources.PAPERS_WITH_CODE] [INFO] Status for SupportedSources.PAPERS_WITH_CODE changed to SearchStatus.FINISHED.
2023-05-10 18:13:03,629 [SupportedSources.PAPERS_WITH_CODE] [INFO] Terminating SupportedSources.PAPERS_WITH_CODE client. Docs pulled: 16. Docs left: 1859
2023-05-10 18:13:04,761 [MainThread] [INFO] Found 1859 docs to distribute. Docs for each client: 265
2023-05-10 18:13:04,761 [MainThread] [INFO] Limit for SupportedSources.ARXIV increased for 265 documents.
2023-05-10 18:13:04,761 [MainThread] [INFO] Limit for SupportedSources.CORE increased for 265 documents.
2023-05-10 18:13:04,761 [MainThread] [INFO] Limit for SupportedSources.INTERNET_ARCHIVE increased for 265 documents.
2023-05-10 18:13:04,761 [MainThread] [INFO] Limit for SupportedSources.SEMANTIC_SCHOLAR increased for 265 documents.
2023-05-10 18:13:04,762 [MainThread] [INFO] Limit for SupportedSources.UNPAYWALL increased for 265 documents.
2023-05-10 18:13:04,762 [MainThread] [INFO] Limit for SupportedSources.CROSSREF increased for 265 documents.
2023-05-10 18:13:04,762 [MainThread] [INFO] Limit for SupportedSources.OPENALEX increased for 265 documents.
2023-05-10 18:13:05,114 [SupportedSources.ARXIV] [INFO] Got first page; 770673 of inf results available
2023-05-10 18:13:05,171 [SupportedSources.ARXIV] [INFO] Requesting 200 results at offset 200
2023-05-10 18:13:05,171 [SupportedSources.ARXIV] [INFO] Sleeping for 9.943186 seconds
2023-05-10 18:13:06,312 [SupportedSources.UNPAYWALL] [INFO] Status for SupportedSources.UNPAYWALL changed to SearchStatus.FINISHED.
2023-05-10 18:13:06,312 [SupportedSources.UNPAYWALL] [INFO] Terminating SupportedSources.UNPAYWALL client. Docs pulled: 46. Docs left: 2094
2023-05-10 18:13:06,765 [MainThread] [INFO] Found 2094 docs to distribute. Docs for each client: 349
2023-05-10 18:13:06,765 [MainThread] [INFO] Limit for SupportedSources.ARXIV increased for 349 documents.
2023-05-10 18:13:06,765 [MainThread] [INFO] Limit for SupportedSources.CORE increased for 349 documents.
2023-05-10 18:13:06,765 [MainThread] [INFO] Limit for SupportedSources.INTERNET_ARCHIVE increased for 349 documents.
2023-05-10 18:13:06,766 [MainThread] [INFO] Limit for SupportedSources.SEMANTIC_SCHOLAR increased for 349 documents.
2023-05-10 18:13:06,766 [MainThread] [INFO] Limit for SupportedSources.CROSSREF increased for 349 documents.
2023-05-10 18:13:06,766 [MainThread] [INFO] Limit for SupportedSources.OPENALEX increased for 349 documents.
2023-05-10 18:13:15,124 [SupportedSources.ARXIV] [INFO] Requesting page of results
2023-05-10 18:13:18,197 [SupportedSources.ARXIV] [INFO] Requesting 200 results at offset 400
2023-05-10 18:13:18,197 [SupportedSources.ARXIV] [INFO] Sleeping for 9.943221 seconds
2023-05-10 18:13:28,150 [SupportedSources.ARXIV] [INFO] Requesting page of results
2023-05-10 18:13:30,894 [SupportedSources.ARXIV] [INFO] Requesting 200 results at offset 600
2023-05-10 18:13:30,895 [SupportedSources.ARXIV] [INFO] Sleeping for 9.942388 seconds
2023-05-10 18:13:32,408 [SupportedSources.CROSSREF] [INFO] Status for SupportedSources.CROSSREF changed to SearchStatus.WAITING.
2023-05-10 18:13:32,408 [SupportedSources.CROSSREF] [INFO] Pulled 2489 docs from SupportedSources.CROSSREF.Total docs pulled: 2489
2023-05-10 18:13:34,394 [SupportedSources.OPENALEX] [INFO] Status for SupportedSources.OPENALEX changed to SearchStatus.WAITING.
2023-05-10 18:13:34,394 [SupportedSources.OPENALEX] [INFO] Pulled 2489 docs from SupportedSources.OPENALEX.Total docs pulled: 2489
2023-05-10 18:13:40,847 [SupportedSources.ARXIV] [INFO] Requesting page of results
2023-05-10 18:13:46,517 [SupportedSources.ARXIV] [INFO] Requesting 200 results at offset 800
2023-05-10 18:13:46,517 [SupportedSources.ARXIV] [INFO] Sleeping for 9.943790 seconds
2023-05-10 18:13:56,471 [SupportedSources.ARXIV] [INFO] Requesting page of results
2023-05-10 18:13:59,213 [SupportedSources.ARXIV] [INFO] Requesting 200 results at offset 1000
2023-05-10 18:13:59,213 [SupportedSources.ARXIV] [INFO] Sleeping for 9.941651 seconds
2023-05-10 18:14:09,165 [SupportedSources.ARXIV] [INFO] Requesting page of results
2023-05-10 18:14:09,929 [SupportedSources.SEMANTIC_SCHOLAR] [INFO] Status for SupportedSources.SEMANTIC_SCHOLAR changed to SearchStatus.WAITING.
2023-05-10 18:14:09,929 [SupportedSources.SEMANTIC_SCHOLAR] [INFO] Pulled 2489 docs from SupportedSources.SEMANTIC_SCHOLAR. Total docs pulled: 2489
2023-05-10 18:14:11,763 [SupportedSources.ARXIV] [INFO] Requesting 200 results at offset 1200
2023-05-10 18:14:11,763 [SupportedSources.ARXIV] [INFO] Sleeping for 9.946002 seconds
2023-05-10 18:14:12,321 [SupportedSources.CORE] [ERROR] Too many requests on Core, waiting 69 secs...
2023-05-10 18:14:21,715 [SupportedSources.ARXIV] [INFO] Requesting page of results
2023-05-10 18:14:24,391 [SupportedSources.ARXIV] [INFO] Requesting 200 results at offset 1400
2023-05-10 18:14:24,391 [SupportedSources.ARXIV] [INFO] Sleeping for 9.946257 seconds
2023-05-10 18:14:34,341 [SupportedSources.ARXIV] [INFO] Requesting page of results
2023-05-10 18:14:36,911 [SupportedSources.ARXIV] [INFO] Requesting 200 results at offset 1600
2023-05-10 18:14:36,911 [SupportedSources.ARXIV] [INFO] Sleeping for 9.945242 seconds
2023-05-10 18:14:46,866 [SupportedSources.ARXIV] [INFO] Requesting page of results
2023-05-10 18:14:49,682 [SupportedSources.ARXIV] [INFO] Requesting 200 results at offset 1800
2023-05-10 18:14:49,683 [SupportedSources.ARXIV] [INFO] Sleeping for 9.945100 seconds
2023-05-10 18:14:59,638 [SupportedSources.ARXIV] [INFO] Requesting page of results
2023-05-10 18:15:02,339 [SupportedSources.ARXIV] [INFO] Requesting 200 results at offset 2000
2023-05-10 18:15:02,339 [SupportedSources.ARXIV] [INFO] Sleeping for 9.944237 seconds
2023-05-10 18:15:12,294 [SupportedSources.ARXIV] [INFO] Requesting page of results
2023-05-10 18:15:14,942 [SupportedSources.ARXIV] [INFO] Requesting 200 results at offset 2200
2023-05-10 18:15:14,942 [SupportedSources.ARXIV] [INFO] Sleeping for 9.945842 seconds
2023-05-10 18:15:24,297 [SupportedSources.INTERNET_ARCHIVE] [INFO] Status for SupportedSources.INTERNET_ARCHIVE changed to SearchStatus.WAITING.
2023-05-10 18:15:24,297 [SupportedSources.INTERNET_ARCHIVE] [INFO] Pulled 2489 docs from SupportedSources.INTERNET_ARCHIVE.Total docs pulled: 2489
2023-05-10 18:15:24,898 [SupportedSources.ARXIV] [INFO] Requesting page of results
2023-05-10 18:15:25,875 [SupportedSources.ARXIV] [INFO] Sleeping for 9.999947 seconds
2023-05-10 18:15:35,886 [SupportedSources.ARXIV] [INFO] Requesting page of results
2023-05-10 18:15:38,654 [SupportedSources.ARXIV] [INFO] Requesting 200 results at offset 2400
2023-05-10 18:15:38,654 [SupportedSources.ARXIV] [INFO] Sleeping for 9.945409 seconds
2023-05-10 18:15:48,610 [SupportedSources.ARXIV] [INFO] Requesting page of results
2023-05-10 18:15:51,251 [SupportedSources.ARXIV] [INFO] Status for SupportedSources.ARXIV changed to SearchStatus.WAITING.
2023-05-10 18:15:51,251 [SupportedSources.ARXIV] [INFO] Pulled 2489 docs from SupportedSources.ARXIV.Total docs pulled: 2489
2023-05-10 18:16:15,486 [SupportedSources.CORE] [INFO] Status for SupportedSources.CORE changed to SearchStatus.WAITING.
2023-05-10 18:16:15,486 [SupportedSources.CORE] [INFO] Pulled 2565 docs from SupportedSources.CORE. Total docs pulled: 2565
2023-05-10 18:16:17,567 [SupportedSources.CROSSREF] [INFO] Kill signal for SupportedSources.CROSSREF occurred.
2023-05-10 18:16:17,568 [SupportedSources.CROSSREF] [INFO] Terminating SupportedSources.CROSSREF client. Docs pulled: 2489. Docs left: 0
2023-05-10 18:16:19,342 [SupportedSources.INTERNET_ARCHIVE] [INFO] Kill signal for SupportedSources.INTERNET_ARCHIVE occurred.
2023-05-10 18:16:19,342 [SupportedSources.INTERNET_ARCHIVE] [INFO] Terminating SupportedSources.INTERNET_ARCHIVE client. Docs pulled: 2489.Docs left: 0
2023-05-10 18:16:19,555 [SupportedSources.OPENALEX] [INFO] Kill signal for SupportedSources.OPENALEX occurred.
2023-05-10 18:16:19,555 [SupportedSources.OPENALEX] [INFO] Terminating SupportedSources.OPENALEX client. Docs pulled: 2489. Docs left: 0
2023-05-10 18:16:20,051 [SupportedSources.SEMANTIC_SCHOLAR] [INFO] Kill signal for SupportedSources.SEMANTIC_SCHOLAR occurred.
2023-05-10 18:16:20,056 [SupportedSources.SEMANTIC_SCHOLAR] [INFO] Terminating SupportedSources.SEMANTIC_SCHOLAR client. Docs pulled: 2489. Docs left: 0
2023-05-10 18:16:20,490 [SupportedSources.CORE] [INFO] Kill signal for SupportedSources.CORE occurred.
2023-05-10 18:16:20,491 [SupportedSources.CORE] [INFO] Terminating SupportedSources.CORE client. Docs pulled: 2565. Docs left: 0
2023-05-10 18:16:21,304 [SupportedSources.ARXIV] [INFO] Kill signal for SupportedSources.ARXIV occurred.
2023-05-10 18:16:21,305 [SupportedSources.ARXIV] [INFO] Status for SupportedSources.ARXIV changed to SearchStatus.FINISHED.
2023-05-10 18:16:21,315 [SupportedSources.ARXIV] [INFO] Terminating SupportedSources.ARXIV client. Docs pulled: 2489.Docs left: 0
2023-05-10 18:16:22,264 [MainThread] [INFO] SupportedSources.ARXIV: 2489
2023-05-10 18:16:22,265 [MainThread] [INFO] SupportedSources.CORE: 2565
2023-05-10 18:16:22,265 [MainThread] [INFO] SupportedSources.INTERNET_ARCHIVE: 2489
2023-05-10 18:16:22,265 [MainThread] [INFO] SupportedSources.SEMANTIC_SCHOLAR: 2489
2023-05-10 18:16:22,266 [MainThread] [INFO] SupportedSources.UNPAYWALL: 46
2023-05-10 18:16:22,266 [MainThread] [INFO] SupportedSources.CROSSREF: 2489
2023-05-10 18:16:22,266 [MainThread] [INFO] SupportedSources.OPENALEX: 2489
2023-05-10 18:16:22,266 [MainThread] [INFO] SupportedSources.PAPERS_WITH_CODE: 16
2023-05-10 18:16:22,266 [MainThread] [INFO] total documents: 15072
total found: 14974
2023-05-10 18:16:22,719 [MainThread] [INFO] starting deduplication...
2023-05-10 18:16:43,677 [MainThread] [INFO] Trying to find abstracts for papers on semantic scholar...
100% (85 of 85) |############################################| Elapsed Time: 0:01:26 Time:  0:01:26
2023-05-10 18:18:10,878 [MainThread] [INFO] Abstract was found for 1982 papers.
2023-05-10 18:18:10,919 [MainThread] [INFO] total results after deduplication: 11912

