query: stochastic differential equations in finance
limit: 15000
filename: stochastic_de_finance
2023-05-10 18:48:31,058 [MainThread] [INFO] Search b2086a7d-4d0e-4724-a27a-103c61d1a94e created.
2023-05-10 18:48:31,058 [MainThread] [INFO] Search query: stochastic differential equations in finance
2023-05-10 18:48:31,058 [MainThread] [INFO] Search limit: 15000
2023-05-10 18:48:31,059 [MainThread] [INFO] Sources: SupportedSources.ARXIV,SupportedSources.CORE,SupportedSources.CROSSREF,SupportedSources.INTERNET_ARCHIVE,SupportedSources.SEMANTIC_SCHOLAR,SupportedSources.UNPAYWALL,SupportedSources.OPENALEX,SupportedSources.PAPERS_WITH_CODE
2023-05-10 18:48:31,061 [MainThread] [INFO] Initial limit for source: 1875
2023-05-10 18:48:31,062 [SupportedSources.ARXIV] [INFO] Requesting 200 results at offset 0
2023-05-10 18:48:31,062 [SupportedSources.ARXIV] [INFO] Requesting page of results
2023-05-10 18:48:34,293 [SupportedSources.PAPERS_WITH_CODE] [INFO] Status for SupportedSources.PAPERS_WITH_CODE changed to SearchStatus.FINISHED.
2023-05-10 18:48:34,293 [SupportedSources.PAPERS_WITH_CODE] [INFO] Terminating SupportedSources.PAPERS_WITH_CODE client. Docs pulled: 6. Docs left: 1869
2023-05-10 18:48:35,082 [MainThread] [INFO] Found 1869 docs to distribute. Docs for each client: 267
2023-05-10 18:48:35,082 [MainThread] [INFO] Limit for SupportedSources.ARXIV increased for 267 documents.
2023-05-10 18:48:35,082 [MainThread] [INFO] Limit for SupportedSources.CORE increased for 267 documents.
2023-05-10 18:48:35,082 [MainThread] [INFO] Limit for SupportedSources.INTERNET_ARCHIVE increased for 267 documents.
2023-05-10 18:48:35,083 [MainThread] [INFO] Limit for SupportedSources.SEMANTIC_SCHOLAR increased for 267 documents.
2023-05-10 18:48:35,083 [MainThread] [INFO] Limit for SupportedSources.UNPAYWALL increased for 267 documents.
2023-05-10 18:48:35,083 [MainThread] [INFO] Limit for SupportedSources.CROSSREF increased for 267 documents.
2023-05-10 18:48:35,083 [MainThread] [INFO] Limit for SupportedSources.OPENALEX increased for 267 documents.
2023-05-10 18:48:35,142 [SupportedSources.UNPAYWALL] [INFO] Status for SupportedSources.UNPAYWALL changed to SearchStatus.FINISHED.
2023-05-10 18:48:35,142 [SupportedSources.UNPAYWALL] [INFO] Terminating SupportedSources.UNPAYWALL client. Docs pulled: 38. Docs left: 2104
2023-05-10 18:48:37,086 [MainThread] [INFO] Found 2104 docs to distribute. Docs for each client: 350
2023-05-10 18:48:37,086 [MainThread] [INFO] Limit for SupportedSources.ARXIV increased for 350 documents.
2023-05-10 18:48:37,086 [MainThread] [INFO] Limit for SupportedSources.CORE increased for 350 documents.
2023-05-10 18:48:37,086 [MainThread] [INFO] Limit for SupportedSources.INTERNET_ARCHIVE increased for 350 documents.
2023-05-10 18:48:37,086 [MainThread] [INFO] Limit for SupportedSources.SEMANTIC_SCHOLAR increased for 350 documents.
2023-05-10 18:48:37,086 [MainThread] [INFO] Limit for SupportedSources.CROSSREF increased for 350 documents.
2023-05-10 18:48:37,086 [MainThread] [INFO] Limit for SupportedSources.OPENALEX increased for 350 documents.
2023-05-10 18:48:39,182 [SupportedSources.ARXIV] [INFO] Got first page; 2122792 of inf results available
2023-05-10 18:48:39,238 [SupportedSources.ARXIV] [INFO] Requesting 200 results at offset 200
2023-05-10 18:48:39,238 [SupportedSources.ARXIV] [INFO] Sleeping for 9.943737 seconds
2023-05-10 18:48:49,190 [SupportedSources.ARXIV] [INFO] Requesting page of results
2023-05-10 18:48:50,393 [SupportedSources.ARXIV] [INFO] Sleeping for 9.999943 seconds
2023-05-10 18:49:00,403 [SupportedSources.ARXIV] [INFO] Requesting page of results
2023-05-10 18:49:03,719 [SupportedSources.ARXIV] [INFO] Requesting 200 results at offset 400
2023-05-10 18:49:03,719 [SupportedSources.ARXIV] [INFO] Sleeping for 9.942430 seconds
2023-05-10 18:49:05,088 [SupportedSources.OPENALEX] [INFO] Status for SupportedSources.OPENALEX changed to SearchStatus.WAITING.
2023-05-10 18:49:05,088 [SupportedSources.OPENALEX] [INFO] Pulled 2492 docs from SupportedSources.OPENALEX.Total docs pulled: 2492
2023-05-10 18:49:05,886 [SupportedSources.CROSSREF] [INFO] Status for SupportedSources.CROSSREF changed to SearchStatus.WAITING.
2023-05-10 18:49:05,886 [SupportedSources.CROSSREF] [INFO] Pulled 2492 docs from SupportedSources.CROSSREF.Total docs pulled: 2492
2023-05-10 18:49:13,672 [SupportedSources.ARXIV] [INFO] Requesting page of results
2023-05-10 18:49:15,007 [SupportedSources.ARXIV] [INFO] Sleeping for 9.999949 seconds
2023-05-10 18:49:25,018 [SupportedSources.ARXIV] [INFO] Requesting page of results
2023-05-10 18:49:28,283 [SupportedSources.ARXIV] [INFO] Requesting 200 results at offset 600
2023-05-10 18:49:28,284 [SupportedSources.ARXIV] [INFO] Sleeping for 9.944258 seconds
2023-05-10 18:49:38,238 [SupportedSources.ARXIV] [INFO] Requesting page of results
2023-05-10 18:49:41,412 [SupportedSources.ARXIV] [INFO] Requesting 200 results at offset 800
2023-05-10 18:49:41,412 [SupportedSources.ARXIV] [INFO] Sleeping for 9.947822 seconds
2023-05-10 18:49:45,190 [SupportedSources.CORE] [ERROR] Too many requests on Core, waiting 69 secs...
2023-05-10 18:49:51,370 [SupportedSources.ARXIV] [INFO] Requesting page of results
2023-05-10 18:49:54,559 [SupportedSources.ARXIV] [INFO] Requesting 200 results at offset 1000
2023-05-10 18:49:54,560 [SupportedSources.ARXIV] [INFO] Sleeping for 9.947814 seconds
2023-05-10 18:50:04,518 [SupportedSources.ARXIV] [INFO] Requesting page of results
2023-05-10 18:50:07,964 [SupportedSources.ARXIV] [INFO] Requesting 200 results at offset 1200
2023-05-10 18:50:07,964 [SupportedSources.ARXIV] [INFO] Sleeping for 9.948926 seconds
2023-05-10 18:50:08,019 [SupportedSources.SEMANTIC_SCHOLAR] [ERROR] Error code 400, b'{"error":"Requested data for this limit and/or offset is not available"}\n'
2023-05-10 18:50:08,020 [SupportedSources.SEMANTIC_SCHOLAR] [INFO] Status for SupportedSources.SEMANTIC_SCHOLAR changed to SearchStatus.FINISHED.
2023-05-10 18:50:08,020 [SupportedSources.SEMANTIC_SCHOLAR] [INFO] Terminating SupportedSources.SEMANTIC_SCHOLAR client. Docs pulled: 1149. Docs left: 1343
2023-05-10 18:50:09,216 [MainThread] [INFO] Found 1343 docs to distribute. Docs for each client: 268
2023-05-10 18:50:09,217 [MainThread] [INFO] Limit for SupportedSources.ARXIV increased for 268 documents.
2023-05-10 18:50:09,217 [MainThread] [INFO] Limit for SupportedSources.CORE increased for 268 documents.
2023-05-10 18:50:09,217 [MainThread] [INFO] Limit for SupportedSources.INTERNET_ARCHIVE increased for 268 documents.
2023-05-10 18:50:09,218 [MainThread] [INFO] Limit for SupportedSources.CROSSREF increased for 268 documents.
2023-05-10 18:50:09,218 [MainThread] [INFO] Limit for SupportedSources.OPENALEX increased for 268 documents.
2023-05-10 18:50:10,143 [SupportedSources.OPENALEX] [INFO] Status for SupportedSources.OPENALEX changed to SearchStatus.WORKING.
2023-05-10 18:50:10,944 [SupportedSources.CROSSREF] [INFO] Status for SupportedSources.CROSSREF changed to SearchStatus.WORKING.
2023-05-10 18:50:13,773 [SupportedSources.OPENALEX] [INFO] Status for SupportedSources.OPENALEX changed to SearchStatus.WAITING.
2023-05-10 18:50:13,773 [SupportedSources.OPENALEX] [INFO] Pulled 268 docs from SupportedSources.OPENALEX.Total docs pulled: 2760
2023-05-10 18:50:15,367 [SupportedSources.CROSSREF] [INFO] Status for SupportedSources.CROSSREF changed to SearchStatus.WAITING.
2023-05-10 18:50:15,367 [SupportedSources.CROSSREF] [INFO] Pulled 268 docs from SupportedSources.CROSSREF.Total docs pulled: 2760
2023-05-10 18:50:17,923 [SupportedSources.ARXIV] [INFO] Requesting page of results
2023-05-10 18:50:21,123 [SupportedSources.ARXIV] [INFO] Requesting 200 results at offset 1400
2023-05-10 18:50:21,124 [SupportedSources.ARXIV] [INFO] Sleeping for 9.947460 seconds
2023-05-10 18:50:31,078 [SupportedSources.ARXIV] [INFO] Requesting page of results
2023-05-10 18:50:34,729 [SupportedSources.ARXIV] [INFO] Requesting 200 results at offset 1600
2023-05-10 18:50:34,729 [SupportedSources.ARXIV] [INFO] Sleeping for 9.945719 seconds
2023-05-10 18:50:44,678 [SupportedSources.ARXIV] [INFO] Requesting page of results
2023-05-10 18:50:46,380 [SupportedSources.ARXIV] [INFO] Sleeping for 9.999946 seconds
2023-05-10 18:50:56,390 [SupportedSources.ARXIV] [INFO] Requesting page of results
2023-05-10 18:51:02,754 [SupportedSources.ARXIV] [INFO] Sleeping for 9.999946 seconds
2023-05-10 18:51:12,765 [SupportedSources.ARXIV] [INFO] Requesting page of results
2023-05-10 18:51:20,190 [SupportedSources.ARXIV] [INFO] Requesting 200 results at offset 1800
2023-05-10 18:51:20,190 [SupportedSources.ARXIV] [INFO] Sleeping for 9.947787 seconds
2023-05-10 18:51:30,146 [SupportedSources.ARXIV] [INFO] Requesting page of results
2023-05-10 18:51:34,407 [SupportedSources.ARXIV] [INFO] Requesting 200 results at offset 2000
2023-05-10 18:51:34,407 [SupportedSources.ARXIV] [INFO] Sleeping for 9.945370 seconds
2023-05-10 18:51:44,363 [SupportedSources.ARXIV] [INFO] Requesting page of results
2023-05-10 18:51:48,352 [SupportedSources.ARXIV] [INFO] Requesting 200 results at offset 2200
2023-05-10 18:51:48,353 [SupportedSources.ARXIV] [INFO] Sleeping for 9.948068 seconds
2023-05-10 18:51:52,020 [SupportedSources.INTERNET_ARCHIVE] [INFO] Status for SupportedSources.INTERNET_ARCHIVE changed to SearchStatus.WAITING.
2023-05-10 18:51:52,020 [SupportedSources.INTERNET_ARCHIVE] [INFO] Pulled 2760 docs from SupportedSources.INTERNET_ARCHIVE.Total docs pulled: 2760
2023-05-10 18:51:58,311 [SupportedSources.ARXIV] [INFO] Requesting page of results
2023-05-10 18:52:01,910 [SupportedSources.ARXIV] [INFO] Requesting 200 results at offset 2400
2023-05-10 18:52:01,910 [SupportedSources.ARXIV] [INFO] Sleeping for 9.948585 seconds
2023-05-10 18:52:11,869 [SupportedSources.ARXIV] [INFO] Requesting page of results
2023-05-10 18:52:14,867 [SupportedSources.ARXIV] [INFO] Sleeping for 9.999983 seconds
2023-05-10 18:52:24,870 [SupportedSources.ARXIV] [INFO] Requesting page of results
2023-05-10 18:52:25,837 [SupportedSources.ARXIV] [INFO] Sleeping for 9.999982 seconds
2023-05-10 18:52:35,847 [SupportedSources.ARXIV] [INFO] Requesting page of results
2023-05-10 18:52:39,377 [SupportedSources.ARXIV] [INFO] Requesting 200 results at offset 2600
2023-05-10 18:52:39,378 [SupportedSources.ARXIV] [INFO] Sleeping for 9.948242 seconds
2023-05-10 18:52:49,336 [SupportedSources.ARXIV] [INFO] Requesting page of results
2023-05-10 18:52:52,886 [SupportedSources.ARXIV] [INFO] Status for SupportedSources.ARXIV changed to SearchStatus.WAITING.
2023-05-10 18:52:52,886 [SupportedSources.ARXIV] [INFO] Pulled 2760 docs from SupportedSources.ARXIV.Total docs pulled: 2760
2023-05-10 18:53:27,394 [SupportedSources.CORE] [ERROR] Too many requests on Core, waiting 69 secs...
2023-05-10 18:56:11,473 [SupportedSources.CORE] [ERROR] Too many requests on Core, waiting 69 secs...
2023-05-10 18:57:54,005 [SupportedSources.CORE] [INFO] Status for SupportedSources.CORE changed to SearchStatus.WAITING.
2023-05-10 18:57:54,006 [SupportedSources.CORE] [INFO] Pulled 2905 docs from SupportedSources.CORE. Total docs pulled: 2905
2023-05-10 18:57:55,774 [SupportedSources.CROSSREF] [INFO] Kill signal for SupportedSources.CROSSREF occurred.
2023-05-10 18:57:55,774 [SupportedSources.CROSSREF] [INFO] Terminating SupportedSources.CROSSREF client. Docs pulled: 2760. Docs left: 0
2023-05-10 18:57:57,346 [SupportedSources.INTERNET_ARCHIVE] [INFO] Kill signal for SupportedSources.INTERNET_ARCHIVE occurred.
2023-05-10 18:57:57,346 [SupportedSources.INTERNET_ARCHIVE] [INFO] Terminating SupportedSources.INTERNET_ARCHIVE client. Docs pulled: 2760.Docs left: 0
2023-05-10 18:57:58,146 [SupportedSources.ARXIV] [INFO] Kill signal for SupportedSources.ARXIV occurred.
2023-05-10 18:57:58,147 [SupportedSources.ARXIV] [INFO] Status for SupportedSources.ARXIV changed to SearchStatus.FINISHED.
2023-05-10 18:57:58,148 [SupportedSources.ARXIV] [INFO] Terminating SupportedSources.ARXIV client. Docs pulled: 2760.Docs left: 0
2023-05-10 18:57:59,011 [SupportedSources.CORE] [INFO] Kill signal for SupportedSources.CORE occurred.
2023-05-10 18:57:59,011 [SupportedSources.CORE] [INFO] Terminating SupportedSources.CORE client. Docs pulled: 2905. Docs left: 0
2023-05-10 18:57:59,180 [SupportedSources.OPENALEX] [INFO] Kill signal for SupportedSources.OPENALEX occurred.
2023-05-10 18:57:59,190 [SupportedSources.OPENALEX] [INFO] Terminating SupportedSources.OPENALEX client. Docs pulled: 2760. Docs left: 0
2023-05-10 18:58:01,752 [MainThread] [INFO] SupportedSources.ARXIV: 2760
2023-05-10 18:58:01,753 [MainThread] [INFO] SupportedSources.CORE: 2905
2023-05-10 18:58:01,753 [MainThread] [INFO] SupportedSources.INTERNET_ARCHIVE: 2760
2023-05-10 18:58:01,753 [MainThread] [INFO] SupportedSources.SEMANTIC_SCHOLAR: 1149
2023-05-10 18:58:01,753 [MainThread] [INFO] SupportedSources.UNPAYWALL: 38
2023-05-10 18:58:01,754 [MainThread] [INFO] SupportedSources.CROSSREF: 2760
2023-05-10 18:58:01,754 [MainThread] [INFO] SupportedSources.OPENALEX: 2760
2023-05-10 18:58:01,754 [MainThread] [INFO] SupportedSources.PAPERS_WITH_CODE: 6
2023-05-10 18:58:01,754 [MainThread] [INFO] total documents: 15138
total found: 14975
2023-05-10 18:58:02,168 [MainThread] [INFO] starting deduplication...
2023-05-10 18:58:25,015 [MainThread] [INFO] Trying to find abstracts for papers on semantic scholar...
100% (96 of 96) |################################################| Elapsed Time: 0:01:28 Time:  0:01:28
2023-05-10 18:59:54,027 [MainThread] [INFO] Abstract was found for 1688 papers.
2023-05-10 18:59:54,062 [MainThread] [INFO] total results after deduplication: 11555
2023-05-10 18:59:54,062 [MainThread] [INFO] Load pretrained SentenceTransformer: all-roberta-large-v1
2023-05-10 18:59:57,490 [MainThread] [INFO] Use pytorch device: cuda
Batches: 100%|████████████████████████████████████████████████████████| 723/723 [06:06<00:00,  1.97it/s]

