query: zero knowledge proof in blockchain
limit: 15000
filename: zk_blockchain
2023-05-10 18:27:45,110 [MainThread] [INFO] Search b4ba1683-8de6-400e-9875-54f814b8e909 created.
2023-05-10 18:27:45,110 [MainThread] [INFO] Search query: zero knowledge proof in blockchain
2023-05-10 18:27:45,111 [MainThread] [INFO] Search limit: 15000
2023-05-10 18:27:45,111 [MainThread] [INFO] Sources: SupportedSources.ARXIV,SupportedSources.CORE,SupportedSources.CROSSREF,SupportedSources.INTERNET_ARCHIVE,SupportedSources.SEMANTIC_SCHOLAR,SupportedSources.UNPAYWALL,SupportedSources.OPENALEX,SupportedSources.PAPERS_WITH_CODE
2023-05-10 18:27:45,113 [MainThread] [INFO] Initial limit for source: 1875
2023-05-10 18:27:45,114 [SupportedSources.ARXIV] [INFO] Requesting 200 results at offset 0
2023-05-10 18:27:45,115 [SupportedSources.ARXIV] [INFO] Requesting page of results
2023-05-10 18:27:45,926 [SupportedSources.PAPERS_WITH_CODE] [INFO] Status for SupportedSources.PAPERS_WITH_CODE changed to SearchStatus.FINISHED.
2023-05-10 18:27:45,927 [SupportedSources.PAPERS_WITH_CODE] [INFO] Terminating SupportedSources.PAPERS_WITH_CODE client. Docs pulled: 8. Docs left: 1867
2023-05-10 18:27:47,130 [MainThread] [INFO] Found 1867 docs to distribute. Docs for each client: 266
2023-05-10 18:27:47,130 [MainThread] [INFO] Limit for SupportedSources.ARXIV increased for 266 documents.
2023-05-10 18:27:47,131 [MainThread] [INFO] Limit for SupportedSources.CORE increased for 266 documents.
2023-05-10 18:27:47,131 [MainThread] [INFO] Limit for SupportedSources.INTERNET_ARCHIVE increased for 266 documents.
2023-05-10 18:27:47,131 [MainThread] [INFO] Limit for SupportedSources.SEMANTIC_SCHOLAR increased for 266 documents.
2023-05-10 18:27:47,131 [MainThread] [INFO] Limit for SupportedSources.UNPAYWALL increased for 266 documents.
2023-05-10 18:27:47,131 [MainThread] [INFO] Limit for SupportedSources.CROSSREF increased for 266 documents.
2023-05-10 18:27:47,132 [MainThread] [INFO] Limit for SupportedSources.OPENALEX increased for 266 documents.
2023-05-10 18:27:47,874 [SupportedSources.ARXIV] [INFO] Got first page; 2111008 of inf results available
2023-05-10 18:27:47,935 [SupportedSources.ARXIV] [INFO] Requesting 200 results at offset 200
2023-05-10 18:27:47,935 [SupportedSources.ARXIV] [INFO] Sleeping for 9.938444 seconds
2023-05-10 18:27:50,728 [SupportedSources.UNPAYWALL] [INFO] Status for SupportedSources.UNPAYWALL changed to SearchStatus.FINISHED.
2023-05-10 18:27:50,729 [SupportedSources.UNPAYWALL] [INFO] Terminating SupportedSources.UNPAYWALL client. Docs pulled: 76. Docs left: 2065
2023-05-10 18:27:51,136 [MainThread] [INFO] Found 2065 docs to distribute. Docs for each client: 344
2023-05-10 18:27:51,136 [MainThread] [INFO] Limit for SupportedSources.ARXIV increased for 344 documents.
2023-05-10 18:27:51,136 [MainThread] [INFO] Limit for SupportedSources.CORE increased for 344 documents.
2023-05-10 18:27:51,136 [MainThread] [INFO] Limit for SupportedSources.INTERNET_ARCHIVE increased for 344 documents.
2023-05-10 18:27:51,136 [MainThread] [INFO] Limit for SupportedSources.SEMANTIC_SCHOLAR increased for 344 documents.
2023-05-10 18:27:51,136 [MainThread] [INFO] Limit for SupportedSources.CROSSREF increased for 344 documents.
2023-05-10 18:27:51,136 [MainThread] [INFO] Limit for SupportedSources.OPENALEX increased for 344 documents.
2023-05-10 18:27:55,617 [SupportedSources.OPENALEX] [INFO] Status for SupportedSources.OPENALEX changed to SearchStatus.FINISHED.
2023-05-10 18:27:55,617 [SupportedSources.OPENALEX] [INFO] Terminating SupportedSources.OPENALEX client. Docs pulled: 1544. Docs left: 941
2023-05-10 18:27:57,143 [MainThread] [INFO] Found 941 docs to distribute. Docs for each client: 188
2023-05-10 18:27:57,143 [MainThread] [INFO] Limit for SupportedSources.ARXIV increased for 188 documents.
2023-05-10 18:27:57,144 [MainThread] [INFO] Limit for SupportedSources.CORE increased for 188 documents.
2023-05-10 18:27:57,144 [MainThread] [INFO] Limit for SupportedSources.INTERNET_ARCHIVE increased for 188 documents.
2023-05-10 18:27:57,144 [MainThread] [INFO] Limit for SupportedSources.SEMANTIC_SCHOLAR increased for 188 documents.
2023-05-10 18:27:57,144 [MainThread] [INFO] Limit for SupportedSources.CROSSREF increased for 188 documents.
2023-05-10 18:27:57,884 [SupportedSources.ARXIV] [INFO] Requesting page of results
2023-05-10 18:28:00,852 [SupportedSources.ARXIV] [INFO] Requesting 200 results at offset 400
2023-05-10 18:28:00,853 [SupportedSources.ARXIV] [INFO] Sleeping for 9.938942 seconds
2023-05-10 18:28:10,802 [SupportedSources.ARXIV] [INFO] Requesting page of results
2023-05-10 18:28:13,803 [SupportedSources.CROSSREF] [INFO] Status for SupportedSources.CROSSREF changed to SearchStatus.WAITING.
2023-05-10 18:28:13,803 [SupportedSources.CROSSREF] [INFO] Pulled 2673 docs from SupportedSources.CROSSREF.Total docs pulled: 2673
2023-05-10 18:28:18,769 [SupportedSources.ARXIV] [INFO] Requesting 200 results at offset 600
2023-05-10 18:28:18,769 [SupportedSources.ARXIV] [INFO] Sleeping for 9.945388 seconds
2023-05-10 18:28:28,725 [SupportedSources.ARXIV] [INFO] Requesting page of results
2023-05-10 18:28:29,561 [SupportedSources.ARXIV] [INFO] Sleeping for 9.999944 seconds
2023-05-10 18:28:39,570 [SupportedSources.ARXIV] [INFO] Requesting page of results
2023-05-10 18:28:40,503 [SupportedSources.ARXIV] [INFO] Sleeping for 9.999971 seconds
2023-05-10 18:28:50,506 [SupportedSources.ARXIV] [INFO] Requesting page of results
2023-05-10 18:28:53,816 [SupportedSources.ARXIV] [INFO] Requesting 200 results at offset 800
2023-05-10 18:28:53,816 [SupportedSources.ARXIV] [INFO] Sleeping for 9.943506 seconds
2023-05-10 18:29:03,495 [SupportedSources.SEMANTIC_SCHOLAR] [ERROR] Error code 400, b'{"error":"Requested data for this limit and/or offset is not available"}\n'
2023-05-10 18:29:03,496 [SupportedSources.SEMANTIC_SCHOLAR] [INFO] Status for SupportedSources.SEMANTIC_SCHOLAR changed to SearchStatus.FINISHED.
2023-05-10 18:29:03,496 [SupportedSources.SEMANTIC_SCHOLAR] [INFO] Terminating SupportedSources.SEMANTIC_SCHOLAR client. Docs pulled: 501. Docs left: 2172
2023-05-10 18:29:03,773 [SupportedSources.ARXIV] [INFO] Requesting page of results
2023-05-10 18:29:05,214 [MainThread] [INFO] Found 2172 docs to distribute. Docs for each client: 543
2023-05-10 18:29:05,215 [MainThread] [INFO] Limit for SupportedSources.ARXIV increased for 543 documents.
2023-05-10 18:29:05,215 [MainThread] [INFO] Limit for SupportedSources.CORE increased for 543 documents.
2023-05-10 18:29:05,215 [MainThread] [INFO] Limit for SupportedSources.INTERNET_ARCHIVE increased for 543 documents.
2023-05-10 18:29:05,215 [MainThread] [INFO] Limit for SupportedSources.CROSSREF increased for 543 documents.
2023-05-10 18:29:06,874 [SupportedSources.ARXIV] [INFO] Requesting 200 results at offset 1000
2023-05-10 18:29:06,874 [SupportedSources.ARXIV] [INFO] Sleeping for 9.946222 seconds
2023-05-10 18:29:08,853 [SupportedSources.CROSSREF] [INFO] Status for SupportedSources.CROSSREF changed to SearchStatus.WORKING.
2023-05-10 18:29:09,405 [SupportedSources.CORE] [ERROR] Too many requests on Core, waiting 69 secs...
2023-05-10 18:29:16,831 [SupportedSources.ARXIV] [INFO] Requesting page of results
2023-05-10 18:29:16,997 [SupportedSources.CROSSREF] [INFO] Status for SupportedSources.CROSSREF changed to SearchStatus.WAITING.
2023-05-10 18:29:16,998 [SupportedSources.CROSSREF] [INFO] Pulled 543 docs from SupportedSources.CROSSREF.Total docs pulled: 3216
2023-05-10 18:29:20,651 [SupportedSources.ARXIV] [INFO] Requesting 200 results at offset 1200
2023-05-10 18:29:20,651 [SupportedSources.ARXIV] [INFO] Sleeping for 9.729265 seconds
2023-05-10 18:29:30,390 [SupportedSources.ARXIV] [INFO] Requesting page of results
2023-05-10 18:29:31,191 [SupportedSources.ARXIV] [INFO] Sleeping for 9.999948 seconds
2023-05-10 18:29:41,201 [SupportedSources.ARXIV] [INFO] Requesting page of results
2023-05-10 18:29:44,625 [SupportedSources.ARXIV] [INFO] Requesting 200 results at offset 1400
2023-05-10 18:29:44,626 [SupportedSources.ARXIV] [INFO] Sleeping for 9.945125 seconds
2023-05-10 18:29:54,574 [SupportedSources.ARXIV] [INFO] Requesting page of results
2023-05-10 18:29:58,059 [SupportedSources.ARXIV] [INFO] Requesting 200 results at offset 1600
2023-05-10 18:29:58,059 [SupportedSources.ARXIV] [INFO] Sleeping for 9.945586 seconds
2023-05-10 18:30:08,006 [SupportedSources.ARXIV] [INFO] Requesting page of results
2023-05-10 18:30:11,618 [SupportedSources.ARXIV] [INFO] Requesting 200 results at offset 1800
2023-05-10 18:30:11,618 [SupportedSources.ARXIV] [INFO] Sleeping for 9.946293 seconds
2023-05-10 18:30:18,974 [SupportedSources.CORE] [ERROR] Too many requests on Core, waiting 69 secs...
2023-05-10 18:30:21,574 [SupportedSources.ARXIV] [INFO] Requesting page of results
2023-05-10 18:30:26,248 [SupportedSources.ARXIV] [INFO] Requesting 200 results at offset 2000
2023-05-10 18:30:26,248 [SupportedSources.ARXIV] [INFO] Sleeping for 9.944209 seconds
2023-05-10 18:30:36,203 [SupportedSources.ARXIV] [INFO] Requesting page of results
2023-05-10 18:30:39,809 [SupportedSources.ARXIV] [INFO] Requesting 200 results at offset 2200
2023-05-10 18:30:39,810 [SupportedSources.ARXIV] [INFO] Sleeping for 9.943441 seconds
2023-05-10 18:30:49,763 [SupportedSources.ARXIV] [INFO] Requesting page of results
2023-05-10 18:30:51,294 [SupportedSources.ARXIV] [INFO] Sleeping for 9.999985 seconds
2023-05-10 18:30:57,360 [SupportedSources.INTERNET_ARCHIVE] [INFO] Status for SupportedSources.INTERNET_ARCHIVE changed to SearchStatus.WAITING.
2023-05-10 18:30:57,360 [SupportedSources.INTERNET_ARCHIVE] [INFO] Pulled 3216 docs from SupportedSources.INTERNET_ARCHIVE.Total docs pulled: 3216
2023-05-10 18:31:01,302 [SupportedSources.ARXIV] [INFO] Requesting page of results
2023-05-10 18:31:02,965 [SupportedSources.ARXIV] [INFO] Sleeping for 9.999949 seconds
2023-05-10 18:31:12,975 [SupportedSources.ARXIV] [INFO] Requesting page of results
2023-05-10 18:31:16,474 [SupportedSources.ARXIV] [INFO] Requesting 200 results at offset 2400
2023-05-10 18:31:16,474 [SupportedSources.ARXIV] [INFO] Sleeping for 9.945360 seconds
2023-05-10 18:31:26,430 [SupportedSources.ARXIV] [INFO] Requesting page of results
2023-05-10 18:31:27,427 [SupportedSources.ARXIV] [INFO] Sleeping for 9.999949 seconds
2023-05-10 18:31:28,554 [SupportedSources.CORE] [ERROR] Too many requests on Core, waiting 69 secs...
2023-05-10 18:31:37,438 [SupportedSources.ARXIV] [INFO] Requesting page of results
2023-05-10 18:31:38,597 [SupportedSources.ARXIV] [INFO] Sleeping for 9.999948 seconds
2023-05-10 18:31:48,607 [SupportedSources.ARXIV] [INFO] Requesting page of results
2023-05-10 18:31:52,465 [SupportedSources.ARXIV] [INFO] Requesting 200 results at offset 2600
2023-05-10 18:31:52,465 [SupportedSources.ARXIV] [INFO] Sleeping for 9.945399 seconds
2023-05-10 18:32:02,420 [SupportedSources.ARXIV] [INFO] Requesting page of results
2023-05-10 18:32:03,280 [SupportedSources.ARXIV] [INFO] Sleeping for 9.999948 seconds
2023-05-10 18:32:13,290 [SupportedSources.ARXIV] [INFO] Requesting page of results
2023-05-10 18:32:14,850 [SupportedSources.ARXIV] [INFO] Sleeping for 9.999950 seconds
2023-05-10 18:32:24,860 [SupportedSources.ARXIV] [INFO] Requesting page of results
2023-05-10 18:32:26,424 [SupportedSources.ARXIV] [INFO] Sleeping for 9.999950 seconds
2023-05-10 18:32:36,434 [SupportedSources.ARXIV] [INFO] Requesting page of results
2023-05-10 18:32:37,580 [SupportedSources.ARXIV] [INFO] Sleeping for 9.999948 seconds
2023-05-10 18:32:38,077 [SupportedSources.CORE] [ERROR] Too many requests on Core, waiting 69 secs...
2023-05-10 18:32:47,590 [SupportedSources.ARXIV] [INFO] Requesting page of results
2023-05-10 18:32:51,066 [SupportedSources.ARXIV] [INFO] Requesting 200 results at offset 2800
2023-05-10 18:32:51,067 [SupportedSources.ARXIV] [INFO] Sleeping for 9.945875 seconds
2023-05-10 18:33:01,023 [SupportedSources.ARXIV] [INFO] Requesting page of results
2023-05-10 18:33:02,680 [SupportedSources.ARXIV] [INFO] Sleeping for 9.999950 seconds
2023-05-10 18:33:12,691 [SupportedSources.ARXIV] [INFO] Requesting page of results
2023-05-10 18:33:16,672 [SupportedSources.ARXIV] [INFO] Requesting 200 results at offset 3000
2023-05-10 18:33:16,672 [SupportedSources.ARXIV] [INFO] Sleeping for 9.945145 seconds
2023-05-10 18:33:26,626 [SupportedSources.ARXIV] [INFO] Requesting page of results
2023-05-10 18:33:27,618 [SupportedSources.ARXIV] [INFO] Sleeping for 9.999948 seconds
2023-05-10 18:33:37,626 [SupportedSources.ARXIV] [INFO] Requesting page of results
2023-05-10 18:33:38,392 [SupportedSources.ARXIV] [INFO] Sleeping for 9.999948 seconds
2023-05-10 18:33:47,600 [SupportedSources.CORE] [ERROR] Too many requests on Core, waiting 69 secs...
2023-05-10 18:33:48,402 [SupportedSources.ARXIV] [INFO] Requesting page of results
2023-05-10 18:33:49,235 [SupportedSources.ARXIV] [INFO] Sleeping for 9.999949 seconds
2023-05-10 18:33:59,238 [SupportedSources.ARXIV] [INFO] Requesting page of results
2023-05-10 18:34:00,590 [SupportedSources.ARXIV] [INFO] Sleeping for 9.999949 seconds
2023-05-10 18:34:10,601 [SupportedSources.ARXIV] [INFO] Requesting page of results
2023-05-10 18:34:14,313 [SupportedSources.ARXIV] [INFO] Requesting 200 results at offset 3200
2023-05-10 18:34:14,313 [SupportedSources.ARXIV] [INFO] Sleeping for 9.946315 seconds
2023-05-10 18:34:24,270 [SupportedSources.ARXIV] [INFO] Requesting page of results
2023-05-10 18:34:28,334 [SupportedSources.ARXIV] [INFO] Status for SupportedSources.ARXIV changed to SearchStatus.WAITING.
2023-05-10 18:34:28,334 [SupportedSources.ARXIV] [INFO] Pulled 3216 docs from SupportedSources.ARXIV.Total docs pulled: 3216
2023-05-10 18:34:57,153 [SupportedSources.CORE] [ERROR] Too many requests on Core, waiting 69 secs...
2023-05-10 18:36:14,519 [SupportedSources.CORE] [ERROR] Can't fetch results with max limit of 200, setting max limit to 100
2023-05-10 18:36:20,270 [SupportedSources.CORE] [ERROR] Can't fetch results with max limit of 100, setting max limit to 50
2023-05-10 18:36:27,719 [SupportedSources.CORE] [ERROR] Can't fetch results with max limit of 50, setting max limit to 25
2023-05-10 18:36:33,711 [SupportedSources.CORE] [ERROR] Can't fetch results with max limit of 25, setting max limit to 12
2023-05-10 18:36:41,872 [SupportedSources.CORE] [INFO] Status for SupportedSources.CORE changed to SearchStatus.FINISHED.
2023-05-10 18:36:41,873 [SupportedSources.CORE] [INFO] Terminating SupportedSources.CORE client. Docs pulled: 1237. Docs left: 1979
2023-05-10 18:36:43,684 [MainThread] [INFO] Found 1979 docs to distribute. Docs for each client: 659
2023-05-10 18:36:43,685 [MainThread] [INFO] Limit for SupportedSources.ARXIV increased for 659 documents.
2023-05-10 18:36:43,685 [MainThread] [INFO] Limit for SupportedSources.INTERNET_ARCHIVE increased for 659 documents.
2023-05-10 18:36:43,685 [MainThread] [INFO] Limit for SupportedSources.CROSSREF increased for 659 documents.
2023-05-10 18:36:47,437 [SupportedSources.CROSSREF] [INFO] Kill signal for SupportedSources.CROSSREF occurred.
2023-05-10 18:36:47,438 [SupportedSources.CROSSREF] [INFO] Terminating SupportedSources.CROSSREF client. Docs pulled: 3216. Docs left: 659
2023-05-10 18:36:47,767 [SupportedSources.INTERNET_ARCHIVE] [INFO] Kill signal for SupportedSources.INTERNET_ARCHIVE occurred.
2023-05-10 18:36:47,767 [SupportedSources.INTERNET_ARCHIVE] [INFO] Terminating SupportedSources.INTERNET_ARCHIVE client. Docs pulled: 3216.Docs left: 659
2023-05-10 18:36:48,468 [SupportedSources.ARXIV] [INFO] Kill signal for SupportedSources.ARXIV occurred.
2023-05-10 18:36:48,469 [SupportedSources.ARXIV] [INFO] Status for SupportedSources.ARXIV changed to SearchStatus.FINISHED.
2023-05-10 18:36:48,474 [SupportedSources.ARXIV] [INFO] Terminating SupportedSources.ARXIV client. Docs pulled: 3216.Docs left: 659
2023-05-10 18:36:48,769 [MainThread] [INFO] SupportedSources.ARXIV: 3216
2023-05-10 18:36:48,769 [MainThread] [INFO] SupportedSources.CORE: 1237
2023-05-10 18:36:48,769 [MainThread] [INFO] SupportedSources.INTERNET_ARCHIVE: 3216
2023-05-10 18:36:48,769 [MainThread] [INFO] SupportedSources.SEMANTIC_SCHOLAR: 501
2023-05-10 18:36:48,769 [MainThread] [INFO] SupportedSources.UNPAYWALL: 76
2023-05-10 18:36:48,769 [MainThread] [INFO] SupportedSources.CROSSREF: 3216
2023-05-10 18:36:48,769 [MainThread] [INFO] SupportedSources.OPENALEX: 1544
2023-05-10 18:36:48,769 [MainThread] [INFO] SupportedSources.PAPERS_WITH_CODE: 8
2023-05-10 18:36:48,769 [MainThread] [INFO] total documents: 13014
total found: 13002
2023-05-10 18:36:49,197 [MainThread] [INFO] starting deduplication...
2023-05-10 18:37:18,457 [MainThread] [INFO] Trying to find abstracts for papers on semantic scholar...
100% (82 of 82) |############################################| Elapsed Time: 0:01:34 Time:  0:01:34
2023-05-10 18:38:52,968 [MainThread] [INFO] Abstract was found for 1847 papers.
2023-05-10 18:38:53,002 [MainThread] [INFO] total results after deduplication: 9473
